#-----------------------------------------------------------
# Vivado v2017.3 (64-bit)
# SW Build 2018833 on Wed Oct  4 19:58:22 MDT 2017
# IP Build 2016188 on Wed Oct  4 21:52:56 MDT 2017
# Start of session at: Fri Dec 11 01:05:43 2020
# Process ID: 22728
# Current directory: D:/verilog/qos2/coprocin
# Command line: vivado.exe -gui_launcher_event rodinguilauncherevent26960 D:\verilog\qos2\coprocin\coprocin.xpr
# Log file: D:/verilog/qos2/coprocin/vivado.log
# Journal file: D:/verilog/qos2/coprocin\vivado.jou
#-----------------------------------------------------------
start_gui
open_project D:/verilog/qos2/coprocin/coprocin.xpr
Scanning sources...
Finished scanning sources
INFO: [IP_Flow 19-234] Refreshing IP repositories
INFO: [IP_Flow 19-1704] No user IP repositories specified
INFO: [IP_Flow 19-2313] Loaded Vivado IP repository 'C:/Xilinx/Vivado/2017.3/data/ip'.
update_compile_order -fileset sources_1
exit
INFO: [Common 17-206] Exiting Vivado at Fri Dec 11 02:12:46 2020...
