18:52:09 INFO  : Registering command handlers for SDK TCF services
18:52:10 INFO  : Launching XSCT server: xsct.bat -interactive D:\verilog\qos\qos.sdk\temp_xsdb_launch_script.tcl
18:52:13 INFO  : XSCT server has started successfully.
18:52:15 INFO  : Successfully done setting XSCT server connection channel  
18:52:15 INFO  : Successfully done setting SDK workspace  
18:52:15 INFO  : Processing command line option -hwspec D:/verilog/qos/qos.sdk/design_1_wrapper.hdf.
19:53:08 INFO  : Launching XSCT server: xsct.bat -interactive D:\verilog\qos\qos.sdk\temp_xsdb_launch_script.tcl
19:53:11 INFO  : XSCT server has started successfully.
19:53:16 INFO  : Successfully done setting XSCT server connection channel  
19:53:16 INFO  : Successfully done setting SDK workspace  
19:53:18 INFO  : Registering command handlers for SDK TCF services
19:53:20 INFO  : Processing command line option -hwspec D:/verilog/qos/qos.sdk/design_1_wrapper.hdf.
19:53:20 INFO  : Checking for hwspec changes in the project design_1_wrapper_hw_platform_0.
19:53:20 INFO  : SDK has detected change in the last modified timestamps for source hardware specification file Source:1607597565432,  Project:1607507450790
19:53:20 INFO  : The hardware specification for project 'design_1_wrapper_hw_platform_0' is different from D:/verilog/qos/qos.sdk/design_1_wrapper.hdf.
19:53:20 INFO  : Copied contents of D:/verilog/qos/qos.sdk/design_1_wrapper.hdf into \design_1_wrapper_hw_platform_0\system.hdf.
19:53:23 INFO  : Synchronizing projects in the workspace with the hardware platform specification changes.
19:53:23 INFO  : Clearing existing target manager status.
19:53:23 WARN  : Given IPC port value is invalid. Using default port 2350
19:53:23 WARN  : Given XMD timeout value is invalid. Using default value of 50000
19:53:27 WARN  : Given XMD transaction timeout value is invalid. Using default value of 60000 milli seconds
19:53:27 INFO  : Workspace synchronized with the new hardware specification file. Cleaning dependent projects...
19:53:27 WARN  : Linker script will not be updated automatically. Users need to update it manually.
19:56:46 ERROR : Unexpected error while parsing XMD response ?: com.google.gson.JsonSyntaxException: com.google.gson.stream.MalformedJsonException: invalid number or unquoted string near 
00:15:59 INFO  : Launching XSCT server: xsct.bat -interactive D:\verilog\qos2\qos.sdk\temp_xsdb_launch_script.tcl
00:16:01 INFO  : XSCT server has started successfully.
00:16:01 INFO  : Successfully done setting XSCT server connection channel  
00:16:04 INFO  : Successfully done setting SDK workspace  
00:16:07 INFO  : Registering command handlers for SDK TCF services
00:16:08 INFO  : Processing command line option -hwspec D:/verilog/qos2/qos.sdk/design_1_wrapper.hdf.
00:21:04 INFO  : Launching XSCT server: xsct.bat -interactive D:\verilog\qos2\qos.sdk\temp_xsdb_launch_script.tcl
00:21:06 INFO  : XSCT server has started successfully.
00:21:06 INFO  : Successfully done setting XSCT server connection channel  
00:21:09 INFO  : Successfully done setting SDK workspace  
00:21:11 INFO  : Registering command handlers for SDK TCF services
00:21:12 INFO  : Processing command line option -hwspec D:/verilog/qos2/qos.sdk/design_1_wrapper.hdf.
00:21:12 INFO  : Checking for hwspec changes in the project design_1_wrapper_hw_platform_1.
02:04:32 INFO  : Launching XSCT server: xsct.bat -interactive D:\verilog\qos2\qos.sdk\temp_xsdb_launch_script.tcl
02:04:34 INFO  : XSCT server has started successfully.
02:04:34 INFO  : Successfully done setting XSCT server connection channel  
02:04:38 INFO  : Successfully done setting SDK workspace  
02:04:40 INFO  : Registering command handlers for SDK TCF services
02:04:41 INFO  : Processing command line option -hwspec D:/verilog/qos2/qos.sdk/design_1_wrapper.hdf.
02:04:41 INFO  : Checking for hwspec changes in the project design_1_wrapper_hw_platform_1.
02:04:41 INFO  : SDK has detected change in the last modified timestamps for source hardware specification file Source:1607619857401,  Project:1607613344903
02:04:41 INFO  : The hardware specification for project 'design_1_wrapper_hw_platform_1' is different from D:/verilog/qos2/qos.sdk/design_1_wrapper.hdf.
02:04:43 INFO  : Copied contents of D:/verilog/qos2/qos.sdk/design_1_wrapper.hdf into \design_1_wrapper_hw_platform_1\system.hdf.
02:04:46 INFO  : Synchronizing projects in the workspace with the hardware platform specification changes.
02:04:46 INFO  : Clearing existing target manager status.
02:04:46 WARN  : Given IPC port value is invalid. Using default port 2350
02:04:46 WARN  : Given XMD timeout value is invalid. Using default value of 50000
02:04:49 WARN  : Given XMD transaction timeout value is invalid. Using default value of 60000 milli seconds
02:04:49 INFO  : Workspace synchronized with the new hardware specification file. Cleaning dependent projects...
02:04:49 WARN  : Linker script will not be updated automatically. Users need to update it manually.
02:05:32 ERROR : Unexpected error while parsing XMD response ?: com.google.gson.JsonSyntaxException: com.google.gson.stream.MalformedJsonException: invalid number or unquoted string near 
02:06:11 INFO  : Launching XSCT server: xsct.bat -interactive D:\verilog\qos2\qos.sdk\temp_xsdb_launch_script.tcl
02:06:14 INFO  : XSCT server has started successfully.
02:06:14 INFO  : Successfully done setting XSCT server connection channel  
02:06:17 INFO  : Successfully done setting SDK workspace  
02:06:18 INFO  : Registering command handlers for SDK TCF services
02:06:20 INFO  : Processing command line option -hwspec D:/verilog/qos2/qos.sdk/design_1_wrapper.hdf.
02:06:20 INFO  : Checking for hwspec changes in the project design_1_wrapper_hw_platform_1.
02:06:20 INFO  : SDK has detected change in the last modified timestamps for source hardware specification file Source:1607619954879,  Project:1607619857401
02:06:20 INFO  : The hardware specification for project 'design_1_wrapper_hw_platform_1' is different from D:/verilog/qos2/qos.sdk/design_1_wrapper.hdf.
02:06:21 INFO  : Copied contents of D:/verilog/qos2/qos.sdk/design_1_wrapper.hdf into \design_1_wrapper_hw_platform_1\system.hdf.
02:06:24 INFO  : Synchronizing projects in the workspace with the hardware platform specification changes.
02:06:25 INFO  : Clearing existing target manager status.
02:06:25 WARN  : Given IPC port value is invalid. Using default port 2350
02:06:25 WARN  : Given XMD timeout value is invalid. Using default value of 50000
02:06:26 WARN  : Given XMD transaction timeout value is invalid. Using default value of 60000 milli seconds
02:06:26 INFO  : Workspace synchronized with the new hardware specification file. Cleaning dependent projects...
02:06:26 WARN  : Linker script will not be updated automatically. Users need to update it manually.
02:06:53 ERROR : Unexpected error while parsing XMD response ?: com.google.gson.JsonSyntaxException: com.google.gson.stream.MalformedJsonException: invalid number or unquoted string near 
11:51:58 INFO  : Launching XSCT server: xsct.bat -interactive D:\verilog\qos2\qos.sdk\temp_xsdb_launch_script.tcl
11:52:00 INFO  : XSCT server has started successfully.
11:52:05 INFO  : Successfully done setting XSCT server connection channel  
11:52:05 INFO  : Successfully done setting SDK workspace  
11:52:08 INFO  : Registering command handlers for SDK TCF services
11:52:09 INFO  : Processing command line option -hwspec D:/verilog/qos2/qos.sdk/design_1_wrapper.hdf.
11:52:09 INFO  : Checking for hwspec changes in the project design_1_wrapper_hw_platform_1.
11:52:09 INFO  : SDK has detected change in the last modified timestamps for source hardware specification file Source:1607655096373,  Project:1607619954879
11:52:09 INFO  : The hardware specification for project 'design_1_wrapper_hw_platform_1' is different from D:/verilog/qos2/qos.sdk/design_1_wrapper.hdf.
11:52:10 INFO  : Copied contents of D:/verilog/qos2/qos.sdk/design_1_wrapper.hdf into \design_1_wrapper_hw_platform_1\system.hdf.
11:52:13 INFO  : Synchronizing projects in the workspace with the hardware platform specification changes.
11:52:14 INFO  : Clearing existing target manager status.
11:52:14 WARN  : Given IPC port value is invalid. Using default port 2350
11:52:14 WARN  : Given XMD timeout value is invalid. Using default value of 50000
11:52:17 WARN  : Given XMD transaction timeout value is invalid. Using default value of 60000 milli seconds
11:52:17 INFO  : Workspace synchronized with the new hardware specification file. Cleaning dependent projects...
11:52:17 WARN  : Linker script will not be updated automatically. Users need to update it manually.
11:53:07 ERROR : Unexpected error while parsing XMD response ?: com.google.gson.JsonSyntaxException: com.google.gson.stream.MalformedJsonException: invalid number or unquoted string near 
02:39:23 INFO  : Launching XSCT server: xsct.bat -interactive D:\verilog\qos2\qos.sdk\temp_xsdb_launch_script.tcl
02:39:25 INFO  : XSCT server has started successfully.
02:39:25 INFO  : Successfully done setting XSCT server connection channel  
02:39:30 INFO  : Successfully done setting SDK workspace  
02:39:32 INFO  : Registering command handlers for SDK TCF services
02:39:33 INFO  : Processing command line option -hwspec D:/verilog/qos2/qos.sdk/design_1_wrapper.hdf.
02:39:33 INFO  : Checking for hwspec changes in the project design_1_wrapper_hw_platform_1.
02:39:33 INFO  : SDK has detected change in the last modified timestamps for source hardware specification file Source:1607708343158,  Project:1607655096373
02:39:33 INFO  : The hardware specification for project 'design_1_wrapper_hw_platform_1' is different from D:/verilog/qos2/qos.sdk/design_1_wrapper.hdf.
02:39:35 INFO  : Copied contents of D:/verilog/qos2/qos.sdk/design_1_wrapper.hdf into \design_1_wrapper_hw_platform_1\system.hdf.
02:39:38 INFO  : Synchronizing projects in the workspace with the hardware platform specification changes.
02:39:39 INFO  : Clearing existing target manager status.
02:39:39 WARN  : Given IPC port value is invalid. Using default port 2350
02:39:39 WARN  : Given XMD timeout value is invalid. Using default value of 50000
02:39:42 WARN  : Given XMD transaction timeout value is invalid. Using default value of 60000 milli seconds
02:39:42 INFO  : Workspace synchronized with the new hardware specification file. Cleaning dependent projects...
02:39:42 WARN  : Linker script will not be updated automatically. Users need to update it manually.
02:42:05 ERROR : Unexpected error while parsing XMD response ?: com.google.gson.JsonSyntaxException: com.google.gson.stream.MalformedJsonException: invalid number or unquoted string near 
02:52:31 INFO  : Launching XSCT server: xsct.bat -interactive D:\verilog\qos2\qos.sdk\temp_xsdb_launch_script.tcl
02:52:33 INFO  : XSCT server has started successfully.
02:52:33 INFO  : Successfully done setting XSCT server connection channel  
02:52:35 INFO  : Successfully done setting SDK workspace  
02:52:37 INFO  : Registering command handlers for SDK TCF services
02:52:39 INFO  : Processing command line option -hwspec D:/verilog/qos2/qos.sdk/design_1_wrapper.hdf.
02:52:39 INFO  : Checking for hwspec changes in the project design_1_wrapper_hw_platform_1.
