
*** Running vivado
    with args -log design_1_fifo_copro_0_1.vds -m64 -product Vivado -mode batch -messageDb vivado.pb -notrace -source design_1_fifo_copro_0_1.tcl


****** Vivado v2017.3 (64-bit)
  **** SW Build 2018833 on Wed Oct  4 19:58:07 MDT 2017
  **** IP Build 2016188 on Wed Oct  4 21:52:56 MDT 2017
    ** Copyright 1986-2017 Xilinx, Inc. All Rights Reserved.

source design_1_fifo_copro_0_1.tcl -notrace
Command: synth_design -top design_1_fifo_copro_0_1 -part xc7z020clg400-1 -mode out_of_context
Starting synth_design
Attempting to get a license for feature 'Synthesis' and/or device 'xc7z020'
INFO: [Common 17-349] Got license for feature 'Synthesis' and/or device 'xc7z020'
INFO: Launching helper process for spawning children vivado processes
INFO: Helper process launched with PID 515286 
WARNING: [Synth 8-976] full_flag has already been declared [/home/seungwoo/Downloads/qos2/qos.srcs/sources_1/bd/design_1/ipshared/d62f/hdl/fifo_copro_v1_0_S00_AXI.v:425]
WARNING: [Synth 8-2654] second declaration of full_flag ignored [/home/seungwoo/Downloads/qos2/qos.srcs/sources_1/bd/design_1/ipshared/d62f/hdl/fifo_copro_v1_0_S00_AXI.v:425]
INFO: [Synth 8-994] full_flag is declared here [/home/seungwoo/Downloads/qos2/qos.srcs/sources_1/bd/design_1/ipshared/d62f/hdl/fifo_copro_v1_0_S00_AXI.v:407]
---------------------------------------------------------------------------------
Starting RTL Elaboration : Time (s): cpu = 00:00:09 ; elapsed = 00:00:14 . Memory (MB): peak = 1280.273 ; gain = 95.281 ; free physical = 1380 ; free virtual = 7800
---------------------------------------------------------------------------------
INFO: [Synth 8-638] synthesizing module 'design_1_fifo_copro_0_1' [/home/seungwoo/Downloads/qos2/qos.srcs/sources_1/bd/design_1/ip/design_1_fifo_copro_0_1/synth/design_1_fifo_copro_0_1.v:56]
INFO: [Synth 8-638] synthesizing module 'fifo_copro_v1_0' [/home/seungwoo/Downloads/qos2/qos.srcs/sources_1/bd/design_1/ipshared/d62f/hdl/fifo_copro_v1_0.v:4]
	Parameter C_S00_AXI_DATA_WIDTH bound to: 32 - type: integer 
	Parameter C_S00_AXI_ADDR_WIDTH bound to: 4 - type: integer 
INFO: [Synth 8-638] synthesizing module 'fifo_copro_v1_0_S00_AXI' [/home/seungwoo/Downloads/qos2/qos.srcs/sources_1/bd/design_1/ipshared/d62f/hdl/fifo_copro_v1_0_S00_AXI.v:4]
	Parameter C_S_AXI_DATA_WIDTH bound to: 32 - type: integer 
	Parameter C_S_AXI_ADDR_WIDTH bound to: 4 - type: integer 
	Parameter ADDR_LSB bound to: 2 - type: integer 
	Parameter OPT_MEM_ADDR_BITS bound to: 1 - type: integer 
INFO: [Synth 8-226] default block is never used [/home/seungwoo/Downloads/qos2/qos.srcs/sources_1/bd/design_1/ipshared/d62f/hdl/fifo_copro_v1_0_S00_AXI.v:233]
INFO: [Synth 8-226] default block is never used [/home/seungwoo/Downloads/qos2/qos.srcs/sources_1/bd/design_1/ipshared/d62f/hdl/fifo_copro_v1_0_S00_AXI.v:374]
INFO: [Synth 8-638] synthesizing module 'fifo_generator_0' [/home/seungwoo/Downloads/qos2/qos.srcs/sources_1/bd/design_1/ip/design_1_fifo_copro_0_1/src/fifo_generator_0_1/synth/fifo_generator_0.vhd:72]
	Parameter C_COMMON_CLOCK bound to: 1 - type: integer 
	Parameter C_SELECT_XPM bound to: 0 - type: integer 
	Parameter C_COUNT_TYPE bound to: 0 - type: integer 
	Parameter C_DATA_COUNT_WIDTH bound to: 11 - type: integer 
	Parameter C_DEFAULT_VALUE bound to: BlankString - type: string 
	Parameter C_DIN_WIDTH bound to: 32 - type: integer 
	Parameter C_DOUT_RST_VAL bound to: 0 - type: string 
	Parameter C_DOUT_WIDTH bound to: 32 - type: integer 
	Parameter C_ENABLE_RLOCS bound to: 0 - type: integer 
	Parameter C_FAMILY bound to: zynq - type: string 
	Parameter C_FULL_FLAGS_RST_VAL bound to: 0 - type: integer 
	Parameter C_HAS_ALMOST_EMPTY bound to: 0 - type: integer 
	Parameter C_HAS_ALMOST_FULL bound to: 0 - type: integer 
	Parameter C_HAS_BACKUP bound to: 0 - type: integer 
	Parameter C_HAS_DATA_COUNT bound to: 0 - type: integer 
	Parameter C_HAS_INT_CLK bound to: 0 - type: integer 
	Parameter C_HAS_MEMINIT_FILE bound to: 0 - type: integer 
	Parameter C_HAS_OVERFLOW bound to: 0 - type: integer 
	Parameter C_HAS_RD_DATA_COUNT bound to: 0 - type: integer 
	Parameter C_HAS_RD_RST bound to: 0 - type: integer 
	Parameter C_HAS_RST bound to: 0 - type: integer 
	Parameter C_HAS_SRST bound to: 1 - type: integer 
	Parameter C_HAS_UNDERFLOW bound to: 0 - type: integer 
	Parameter C_HAS_VALID bound to: 0 - type: integer 
	Parameter C_HAS_WR_ACK bound to: 0 - type: integer 
	Parameter C_HAS_WR_DATA_COUNT bound to: 0 - type: integer 
	Parameter C_HAS_WR_RST bound to: 0 - type: integer 
	Parameter C_IMPLEMENTATION_TYPE bound to: 0 - type: integer 
	Parameter C_INIT_WR_PNTR_VAL bound to: 0 - type: integer 
	Parameter C_MEMORY_TYPE bound to: 1 - type: integer 
	Parameter C_MIF_FILE_NAME bound to: BlankString - type: string 
	Parameter C_OPTIMIZATION_MODE bound to: 0 - type: integer 
	Parameter C_OVERFLOW_LOW bound to: 0 - type: integer 
	Parameter C_PRELOAD_LATENCY bound to: 0 - type: integer 
	Parameter C_PRELOAD_REGS bound to: 1 - type: integer 
	Parameter C_PRIM_FIFO_TYPE bound to: 1kx36 - type: string 
	Parameter C_PROG_EMPTY_THRESH_ASSERT_VAL bound to: 4 - type: integer 
	Parameter C_PROG_EMPTY_THRESH_NEGATE_VAL bound to: 5 - type: integer 
	Parameter C_PROG_EMPTY_TYPE bound to: 0 - type: integer 
	Parameter C_PROG_FULL_THRESH_ASSERT_VAL bound to: 1023 - type: integer 
	Parameter C_PROG_FULL_THRESH_NEGATE_VAL bound to: 1022 - type: integer 
	Parameter C_PROG_FULL_TYPE bound to: 0 - type: integer 
	Parameter C_RD_DATA_COUNT_WIDTH bound to: 11 - type: integer 
	Parameter C_RD_DEPTH bound to: 1024 - type: integer 
	Parameter C_RD_FREQ bound to: 1 - type: integer 
	Parameter C_RD_PNTR_WIDTH bound to: 10 - type: integer 
	Parameter C_UNDERFLOW_LOW bound to: 0 - type: integer 
	Parameter C_USE_DOUT_RST bound to: 1 - type: integer 
	Parameter C_USE_ECC bound to: 0 - type: integer 
	Parameter C_USE_EMBEDDED_REG bound to: 0 - type: integer 
	Parameter C_USE_PIPELINE_REG bound to: 0 - type: integer 
	Parameter C_POWER_SAVING_MODE bound to: 0 - type: integer 
	Parameter C_USE_FIFO16_FLAGS bound to: 0 - type: integer 
	Parameter C_USE_FWFT_DATA_COUNT bound to: 1 - type: integer 
	Parameter C_VALID_LOW bound to: 0 - type: integer 
	Parameter C_WR_ACK_LOW bound to: 0 - type: integer 
	Parameter C_WR_DATA_COUNT_WIDTH bound to: 11 - type: integer 
	Parameter C_WR_DEPTH bound to: 1024 - type: integer 
	Parameter C_WR_FREQ bound to: 1 - type: integer 
	Parameter C_WR_PNTR_WIDTH bound to: 10 - type: integer 
	Parameter C_WR_RESPONSE_LATENCY bound to: 1 - type: integer 
	Parameter C_MSGON_VAL bound to: 1 - type: integer 
	Parameter C_ENABLE_RST_SYNC bound to: 1 - type: integer 
	Parameter C_EN_SAFETY_CKT bound to: 0 - type: integer 
	Parameter C_ERROR_INJECTION_TYPE bound to: 0 - type: integer 
	Parameter C_SYNCHRONIZER_STAGE bound to: 2 - type: integer 
	Parameter C_INTERFACE_TYPE bound to: 0 - type: integer 
	Parameter C_AXI_TYPE bound to: 1 - type: integer 
	Parameter C_HAS_AXI_WR_CHANNEL bound to: 1 - type: integer 
	Parameter C_HAS_AXI_RD_CHANNEL bound to: 1 - type: integer 
	Parameter C_HAS_SLAVE_CE bound to: 0 - type: integer 
	Parameter C_HAS_MASTER_CE bound to: 0 - type: integer 
	Parameter C_ADD_NGC_CONSTRAINT bound to: 0 - type: integer 
	Parameter C_USE_COMMON_OVERFLOW bound to: 0 - type: integer 
	Parameter C_USE_COMMON_UNDERFLOW bound to: 0 - type: integer 
	Parameter C_USE_DEFAULT_SETTINGS bound to: 0 - type: integer 
	Parameter C_AXI_ID_WIDTH bound to: 1 - type: integer 
	Parameter C_AXI_ADDR_WIDTH bound to: 32 - type: integer 
	Parameter C_AXI_DATA_WIDTH bound to: 64 - type: integer 
	Parameter C_AXI_LEN_WIDTH bound to: 8 - type: integer 
	Parameter C_AXI_LOCK_WIDTH bound to: 1 - type: integer 
	Parameter C_HAS_AXI_ID bound to: 0 - type: integer 
	Parameter C_HAS_AXI_AWUSER bound to: 0 - type: integer 
	Parameter C_HAS_AXI_WUSER bound to: 0 - type: integer 
	Parameter C_HAS_AXI_BUSER bound to: 0 - type: integer 
	Parameter C_HAS_AXI_ARUSER bound to: 0 - type: integer 
	Parameter C_HAS_AXI_RUSER bound to: 0 - type: integer 
	Parameter C_AXI_ARUSER_WIDTH bound to: 1 - type: integer 
	Parameter C_AXI_AWUSER_WIDTH bound to: 1 - type: integer 
	Parameter C_AXI_WUSER_WIDTH bound to: 1 - type: integer 
	Parameter C_AXI_BUSER_WIDTH bound to: 1 - type: integer 
	Parameter C_AXI_RUSER_WIDTH bound to: 1 - type: integer 
	Parameter C_HAS_AXIS_TDATA bound to: 1 - type: integer 
	Parameter C_HAS_AXIS_TID bound to: 0 - type: integer 
	Parameter C_HAS_AXIS_TDEST bound to: 0 - type: integer 
	Parameter C_HAS_AXIS_TUSER bound to: 1 - type: integer 
	Parameter C_HAS_AXIS_TREADY bound to: 1 - type: integer 
	Parameter C_HAS_AXIS_TLAST bound to: 0 - type: integer 
	Parameter C_HAS_AXIS_TSTRB bound to: 0 - type: integer 
	Parameter C_HAS_AXIS_TKEEP bound to: 0 - type: integer 
	Parameter C_AXIS_TDATA_WIDTH bound to: 8 - type: integer 
	Parameter C_AXIS_TID_WIDTH bound to: 1 - type: integer 
	Parameter C_AXIS_TDEST_WIDTH bound to: 1 - type: integer 
	Parameter C_AXIS_TUSER_WIDTH bound to: 4 - type: integer 
	Parameter C_AXIS_TSTRB_WIDTH bound to: 1 - type: integer 
	Parameter C_AXIS_TKEEP_WIDTH bound to: 1 - type: integer 
	Parameter C_WACH_TYPE bound to: 0 - type: integer 
	Parameter C_WDCH_TYPE bound to: 0 - type: integer 
	Parameter C_WRCH_TYPE bound to: 0 - type: integer 
	Parameter C_RACH_TYPE bound to: 0 - type: integer 
	Parameter C_RDCH_TYPE bound to: 0 - type: integer 
	Parameter C_AXIS_TYPE bound to: 0 - type: integer 
	Parameter C_IMPLEMENTATION_TYPE_WACH bound to: 1 - type: integer 
	Parameter C_IMPLEMENTATION_TYPE_WDCH bound to: 1 - type: integer 
	Parameter C_IMPLEMENTATION_TYPE_WRCH bound to: 1 - type: integer 
	Parameter C_IMPLEMENTATION_TYPE_RACH bound to: 1 - type: integer 
	Parameter C_IMPLEMENTATION_TYPE_RDCH bound to: 1 - type: integer 
	Parameter C_IMPLEMENTATION_TYPE_AXIS bound to: 1 - type: integer 
	Parameter C_APPLICATION_TYPE_WACH bound to: 0 - type: integer 
	Parameter C_APPLICATION_TYPE_WDCH bound to: 0 - type: integer 
	Parameter C_APPLICATION_TYPE_WRCH bound to: 0 - type: integer 
	Parameter C_APPLICATION_TYPE_RACH bound to: 0 - type: integer 
	Parameter C_APPLICATION_TYPE_RDCH bound to: 0 - type: integer 
	Parameter C_APPLICATION_TYPE_AXIS bound to: 0 - type: integer 
	Parameter C_PRIM_FIFO_TYPE_WACH bound to: 512x36 - type: string 
	Parameter C_PRIM_FIFO_TYPE_WDCH bound to: 1kx36 - type: string 
	Parameter C_PRIM_FIFO_TYPE_WRCH bound to: 512x36 - type: string 
	Parameter C_PRIM_FIFO_TYPE_RACH bound to: 512x36 - type: string 
	Parameter C_PRIM_FIFO_TYPE_RDCH bound to: 1kx36 - type: string 
	Parameter C_PRIM_FIFO_TYPE_AXIS bound to: 1kx18 - type: string 
	Parameter C_USE_ECC_WACH bound to: 0 - type: integer 
	Parameter C_USE_ECC_WDCH bound to: 0 - type: integer 
	Parameter C_USE_ECC_WRCH bound to: 0 - type: integer 
	Parameter C_USE_ECC_RACH bound to: 0 - type: integer 
	Parameter C_USE_ECC_RDCH bound to: 0 - type: integer 
	Parameter C_USE_ECC_AXIS bound to: 0 - type: integer 
	Parameter C_ERROR_INJECTION_TYPE_WACH bound to: 0 - type: integer 
	Parameter C_ERROR_INJECTION_TYPE_WDCH bound to: 0 - type: integer 
	Parameter C_ERROR_INJECTION_TYPE_WRCH bound to: 0 - type: integer 
	Parameter C_ERROR_INJECTION_TYPE_RACH bound to: 0 - type: integer 
	Parameter C_ERROR_INJECTION_TYPE_RDCH bound to: 0 - type: integer 
	Parameter C_ERROR_INJECTION_TYPE_AXIS bound to: 0 - type: integer 
	Parameter C_DIN_WIDTH_WACH bound to: 1 - type: integer 
	Parameter C_DIN_WIDTH_WDCH bound to: 64 - type: integer 
	Parameter C_DIN_WIDTH_WRCH bound to: 2 - type: integer 
	Parameter C_DIN_WIDTH_RACH bound to: 32 - type: integer 
	Parameter C_DIN_WIDTH_RDCH bound to: 64 - type: integer 
	Parameter C_DIN_WIDTH_AXIS bound to: 1 - type: integer 
	Parameter C_WR_DEPTH_WACH bound to: 16 - type: integer 
	Parameter C_WR_DEPTH_WDCH bound to: 1024 - type: integer 
	Parameter C_WR_DEPTH_WRCH bound to: 16 - type: integer 
	Parameter C_WR_DEPTH_RACH bound to: 16 - type: integer 
	Parameter C_WR_DEPTH_RDCH bound to: 1024 - type: integer 
	Parameter C_WR_DEPTH_AXIS bound to: 1024 - type: integer 
	Parameter C_WR_PNTR_WIDTH_WACH bound to: 4 - type: integer 
	Parameter C_WR_PNTR_WIDTH_WDCH bound to: 10 - type: integer 
	Parameter C_WR_PNTR_WIDTH_WRCH bound to: 4 - type: integer 
	Parameter C_WR_PNTR_WIDTH_RACH bound to: 4 - type: integer 
	Parameter C_WR_PNTR_WIDTH_RDCH bound to: 10 - type: integer 
	Parameter C_WR_PNTR_WIDTH_AXIS bound to: 10 - type: integer 
	Parameter C_HAS_DATA_COUNTS_WACH bound to: 0 - type: integer 
	Parameter C_HAS_DATA_COUNTS_WDCH bound to: 0 - type: integer 
	Parameter C_HAS_DATA_COUNTS_WRCH bound to: 0 - type: integer 
	Parameter C_HAS_DATA_COUNTS_RACH bound to: 0 - type: integer 
	Parameter C_HAS_DATA_COUNTS_RDCH bound to: 0 - type: integer 
	Parameter C_HAS_DATA_COUNTS_AXIS bound to: 0 - type: integer 
	Parameter C_HAS_PROG_FLAGS_WACH bound to: 0 - type: integer 
	Parameter C_HAS_PROG_FLAGS_WDCH bound to: 0 - type: integer 
	Parameter C_HAS_PROG_FLAGS_WRCH bound to: 0 - type: integer 
	Parameter C_HAS_PROG_FLAGS_RACH bound to: 0 - type: integer 
	Parameter C_HAS_PROG_FLAGS_RDCH bound to: 0 - type: integer 
	Parameter C_HAS_PROG_FLAGS_AXIS bound to: 0 - type: integer 
	Parameter C_PROG_FULL_TYPE_WACH bound to: 0 - type: integer 
	Parameter C_PROG_FULL_TYPE_WDCH bound to: 0 - type: integer 
	Parameter C_PROG_FULL_TYPE_WRCH bound to: 0 - type: integer 
	Parameter C_PROG_FULL_TYPE_RACH bound to: 0 - type: integer 
	Parameter C_PROG_FULL_TYPE_RDCH bound to: 0 - type: integer 
	Parameter C_PROG_FULL_TYPE_AXIS bound to: 0 - type: integer 
	Parameter C_PROG_FULL_THRESH_ASSERT_VAL_WACH bound to: 1023 - type: integer 
	Parameter C_PROG_FULL_THRESH_ASSERT_VAL_WDCH bound to: 1023 - type: integer 
	Parameter C_PROG_FULL_THRESH_ASSERT_VAL_WRCH bound to: 1023 - type: integer 
	Parameter C_PROG_FULL_THRESH_ASSERT_VAL_RACH bound to: 1023 - type: integer 
	Parameter C_PROG_FULL_THRESH_ASSERT_VAL_RDCH bound to: 1023 - type: integer 
	Parameter C_PROG_FULL_THRESH_ASSERT_VAL_AXIS bound to: 1023 - type: integer 
	Parameter C_PROG_EMPTY_TYPE_WACH bound to: 0 - type: integer 
	Parameter C_PROG_EMPTY_TYPE_WDCH bound to: 0 - type: integer 
	Parameter C_PROG_EMPTY_TYPE_WRCH bound to: 0 - type: integer 
	Parameter C_PROG_EMPTY_TYPE_RACH bound to: 0 - type: integer 
	Parameter C_PROG_EMPTY_TYPE_RDCH bound to: 0 - type: integer 
	Parameter C_PROG_EMPTY_TYPE_AXIS bound to: 0 - type: integer 
	Parameter C_PROG_EMPTY_THRESH_ASSERT_VAL_WACH bound to: 1022 - type: integer 
	Parameter C_PROG_EMPTY_THRESH_ASSERT_VAL_WDCH bound to: 1022 - type: integer 
	Parameter C_PROG_EMPTY_THRESH_ASSERT_VAL_WRCH bound to: 1022 - type: integer 
	Parameter C_PROG_EMPTY_THRESH_ASSERT_VAL_RACH bound to: 1022 - type: integer 
	Parameter C_PROG_EMPTY_THRESH_ASSERT_VAL_RDCH bound to: 1022 - type: integer 
	Parameter C_PROG_EMPTY_THRESH_ASSERT_VAL_AXIS bound to: 1022 - type: integer 
	Parameter C_REG_SLICE_MODE_WACH bound to: 0 - type: integer 
	Parameter C_REG_SLICE_MODE_WDCH bound to: 0 - type: integer 
	Parameter C_REG_SLICE_MODE_WRCH bound to: 0 - type: integer 
	Parameter C_REG_SLICE_MODE_RACH bound to: 0 - type: integer 
	Parameter C_REG_SLICE_MODE_RDCH bound to: 0 - type: integer 
	Parameter C_REG_SLICE_MODE_AXIS bound to: 0 - type: integer 
INFO: [Synth 8-3491] module 'fifo_generator_v13_2_0' declared at '/home/seungwoo/Downloads/qos2/qos.srcs/sources_1/bd/design_1/ip/design_1_fifo_copro_0_1/src/fifo_generator_0_1/hdl/fifo_generator_v13_2_vhsyn_rfs.vhd:38483' bound to instance 'U0' of component 'fifo_generator_v13_2_0' [/home/seungwoo/Downloads/qos2/qos.srcs/sources_1/bd/design_1/ip/design_1_fifo_copro_0_1/src/fifo_generator_0_1/synth/fifo_generator_0.vhd:540]
INFO: [Synth 8-256] done synthesizing module 'fifo_generator_0' (25#1) [/home/seungwoo/Downloads/qos2/qos.srcs/sources_1/bd/design_1/ip/design_1_fifo_copro_0_1/src/fifo_generator_0_1/synth/fifo_generator_0.vhd:72]
WARNING: [Synth 8-6014] Unused sequential element slv_reg1_reg was removed.  [/home/seungwoo/Downloads/qos2/qos.srcs/sources_1/bd/design_1/ipshared/d62f/hdl/fifo_copro_v1_0_S00_AXI.v:226]
WARNING: [Synth 8-6014] Unused sequential element polling_reg was removed.  [/home/seungwoo/Downloads/qos2/qos.srcs/sources_1/bd/design_1/ipshared/d62f/hdl/fifo_copro_v1_0_S00_AXI.v:439]
WARNING: [Synth 8-6014] Unused sequential element alone_flag_reg was removed.  [/home/seungwoo/Downloads/qos2/qos.srcs/sources_1/bd/design_1/ipshared/d62f/hdl/fifo_copro_v1_0_S00_AXI.v:454]

Warning: Trying to implement RAM in registers. Block RAM or DRAM implementation is not possible for one or more of the following reasons :
	1: Unable to determine number of words or word size in RAM. 
	2: No valid read/write found for RAM. 
RAM dissolved into registers
WARNING: [Synth 8-3848] Net slv_reg0_buf in module/entity fifo_copro_v1_0_S00_AXI does not have driver. [/home/seungwoo/Downloads/qos2/qos.srcs/sources_1/bd/design_1/ipshared/d62f/hdl/fifo_copro_v1_0_S00_AXI.v:411]
WARNING: [Synth 8-3848] Net slv_reg0_buf in module/entity fifo_copro_v1_0_S00_AXI does not have driver. [/home/seungwoo/Downloads/qos2/qos.srcs/sources_1/bd/design_1/ipshared/d62f/hdl/fifo_copro_v1_0_S00_AXI.v:411]
WARNING: [Synth 8-3848] Net slv_reg0_buf in module/entity fifo_copro_v1_0_S00_AXI does not have driver. [/home/seungwoo/Downloads/qos2/qos.srcs/sources_1/bd/design_1/ipshared/d62f/hdl/fifo_copro_v1_0_S00_AXI.v:411]
WARNING: [Synth 8-3848] Net slv_reg0_buf in module/entity fifo_copro_v1_0_S00_AXI does not have driver. [/home/seungwoo/Downloads/qos2/qos.srcs/sources_1/bd/design_1/ipshared/d62f/hdl/fifo_copro_v1_0_S00_AXI.v:411]
WARNING: [Synth 8-3848] Net slv_reg0_buf in module/entity fifo_copro_v1_0_S00_AXI does not have driver. [/home/seungwoo/Downloads/qos2/qos.srcs/sources_1/bd/design_1/ipshared/d62f/hdl/fifo_copro_v1_0_S00_AXI.v:411]
WARNING: [Synth 8-3848] Net slv_reg0_buf in module/entity fifo_copro_v1_0_S00_AXI does not have driver. [/home/seungwoo/Downloads/qos2/qos.srcs/sources_1/bd/design_1/ipshared/d62f/hdl/fifo_copro_v1_0_S00_AXI.v:411]
WARNING: [Synth 8-3848] Net slv_reg0_buf in module/entity fifo_copro_v1_0_S00_AXI does not have driver. [/home/seungwoo/Downloads/qos2/qos.srcs/sources_1/bd/design_1/ipshared/d62f/hdl/fifo_copro_v1_0_S00_AXI.v:411]
WARNING: [Synth 8-3848] Net slv_reg0_buf in module/entity fifo_copro_v1_0_S00_AXI does not have driver. [/home/seungwoo/Downloads/qos2/qos.srcs/sources_1/bd/design_1/ipshared/d62f/hdl/fifo_copro_v1_0_S00_AXI.v:411]
WARNING: [Synth 8-3848] Net slv_reg0_buf in module/entity fifo_copro_v1_0_S00_AXI does not have driver. [/home/seungwoo/Downloads/qos2/qos.srcs/sources_1/bd/design_1/ipshared/d62f/hdl/fifo_copro_v1_0_S00_AXI.v:411]
WARNING: [Synth 8-3848] Net slv_reg0_buf in module/entity fifo_copro_v1_0_S00_AXI does not have driver. [/home/seungwoo/Downloads/qos2/qos.srcs/sources_1/bd/design_1/ipshared/d62f/hdl/fifo_copro_v1_0_S00_AXI.v:411]
WARNING: [Synth 8-3848] Net slv_reg0_buf in module/entity fifo_copro_v1_0_S00_AXI does not have driver. [/home/seungwoo/Downloads/qos2/qos.srcs/sources_1/bd/design_1/ipshared/d62f/hdl/fifo_copro_v1_0_S00_AXI.v:411]
WARNING: [Synth 8-3848] Net slv_reg0_buf in module/entity fifo_copro_v1_0_S00_AXI does not have driver. [/home/seungwoo/Downloads/qos2/qos.srcs/sources_1/bd/design_1/ipshared/d62f/hdl/fifo_copro_v1_0_S00_AXI.v:411]
WARNING: [Synth 8-3848] Net slv_reg0_buf in module/entity fifo_copro_v1_0_S00_AXI does not have driver. [/home/seungwoo/Downloads/qos2/qos.srcs/sources_1/bd/design_1/ipshared/d62f/hdl/fifo_copro_v1_0_S00_AXI.v:411]
WARNING: [Synth 8-3848] Net slv_reg0_buf in module/entity fifo_copro_v1_0_S00_AXI does not have driver. [/home/seungwoo/Downloads/qos2/qos.srcs/sources_1/bd/design_1/ipshared/d62f/hdl/fifo_copro_v1_0_S00_AXI.v:411]
WARNING: [Synth 8-3848] Net slv_reg0_buf in module/entity fifo_copro_v1_0_S00_AXI does not have driver. [/home/seungwoo/Downloads/qos2/qos.srcs/sources_1/bd/design_1/ipshared/d62f/hdl/fifo_copro_v1_0_S00_AXI.v:411]
WARNING: [Synth 8-3848] Net slv_reg0_buf in module/entity fifo_copro_v1_0_S00_AXI does not have driver. [/home/seungwoo/Downloads/qos2/qos.srcs/sources_1/bd/design_1/ipshared/d62f/hdl/fifo_copro_v1_0_S00_AXI.v:411]
WARNING: [Synth 8-3848] Net slv_reg0_buf in module/entity fifo_copro_v1_0_S00_AXI does not have driver. [/home/seungwoo/Downloads/qos2/qos.srcs/sources_1/bd/design_1/ipshared/d62f/hdl/fifo_copro_v1_0_S00_AXI.v:411]
WARNING: [Synth 8-3848] Net slv_reg0_buf in module/entity fifo_copro_v1_0_S00_AXI does not have driver. [/home/seungwoo/Downloads/qos2/qos.srcs/sources_1/bd/design_1/ipshared/d62f/hdl/fifo_copro_v1_0_S00_AXI.v:411]
WARNING: [Synth 8-3848] Net slv_reg0_buf in module/entity fifo_copro_v1_0_S00_AXI does not have driver. [/home/seungwoo/Downloads/qos2/qos.srcs/sources_1/bd/design_1/ipshared/d62f/hdl/fifo_copro_v1_0_S00_AXI.v:411]
WARNING: [Synth 8-3848] Net slv_reg0_buf in module/entity fifo_copro_v1_0_S00_AXI does not have driver. [/home/seungwoo/Downloads/qos2/qos.srcs/sources_1/bd/design_1/ipshared/d62f/hdl/fifo_copro_v1_0_S00_AXI.v:411]
WARNING: [Synth 8-3848] Net slv_reg0_buf in module/entity fifo_copro_v1_0_S00_AXI does not have driver. [/home/seungwoo/Downloads/qos2/qos.srcs/sources_1/bd/design_1/ipshared/d62f/hdl/fifo_copro_v1_0_S00_AXI.v:411]
WARNING: [Synth 8-3848] Net slv_reg0_buf in module/entity fifo_copro_v1_0_S00_AXI does not have driver. [/home/seungwoo/Downloads/qos2/qos.srcs/sources_1/bd/design_1/ipshared/d62f/hdl/fifo_copro_v1_0_S00_AXI.v:411]
WARNING: [Synth 8-3848] Net slv_reg0_buf in module/entity fifo_copro_v1_0_S00_AXI does not have driver. [/home/seungwoo/Downloads/qos2/qos.srcs/sources_1/bd/design_1/ipshared/d62f/hdl/fifo_copro_v1_0_S00_AXI.v:411]
WARNING: [Synth 8-3848] Net slv_reg0_buf in module/entity fifo_copro_v1_0_S00_AXI does not have driver. [/home/seungwoo/Downloads/qos2/qos.srcs/sources_1/bd/design_1/ipshared/d62f/hdl/fifo_copro_v1_0_S00_AXI.v:411]
WARNING: [Synth 8-3848] Net slv_reg0_buf in module/entity fifo_copro_v1_0_S00_AXI does not have driver. [/home/seungwoo/Downloads/qos2/qos.srcs/sources_1/bd/design_1/ipshared/d62f/hdl/fifo_copro_v1_0_S00_AXI.v:411]
WARNING: [Synth 8-3848] Net slv_reg0_buf in module/entity fifo_copro_v1_0_S00_AXI does not have driver. [/home/seungwoo/Downloads/qos2/qos.srcs/sources_1/bd/design_1/ipshared/d62f/hdl/fifo_copro_v1_0_S00_AXI.v:411]
WARNING: [Synth 8-3848] Net slv_reg0_buf in module/entity fifo_copro_v1_0_S00_AXI does not have driver. [/home/seungwoo/Downloads/qos2/qos.srcs/sources_1/bd/design_1/ipshared/d62f/hdl/fifo_copro_v1_0_S00_AXI.v:411]
WARNING: [Synth 8-3848] Net slv_reg0_buf in module/entity fifo_copro_v1_0_S00_AXI does not have driver. [/home/seungwoo/Downloads/qos2/qos.srcs/sources_1/bd/design_1/ipshared/d62f/hdl/fifo_copro_v1_0_S00_AXI.v:411]
WARNING: [Synth 8-3848] Net slv_reg0_buf in module/entity fifo_copro_v1_0_S00_AXI does not have driver. [/home/seungwoo/Downloads/qos2/qos.srcs/sources_1/bd/design_1/ipshared/d62f/hdl/fifo_copro_v1_0_S00_AXI.v:411]
WARNING: [Synth 8-3848] Net slv_reg0_buf in module/entity fifo_copro_v1_0_S00_AXI does not have driver. [/home/seungwoo/Downloads/qos2/qos.srcs/sources_1/bd/design_1/ipshared/d62f/hdl/fifo_copro_v1_0_S00_AXI.v:411]
WARNING: [Synth 8-3848] Net slv_reg0_buf in module/entity fifo_copro_v1_0_S00_AXI does not have driver. [/home/seungwoo/Downloads/qos2/qos.srcs/sources_1/bd/design_1/ipshared/d62f/hdl/fifo_copro_v1_0_S00_AXI.v:411]
WARNING: [Synth 8-3848] Net slv_reg0_buf in module/entity fifo_copro_v1_0_S00_AXI does not have driver. [/home/seungwoo/Downloads/qos2/qos.srcs/sources_1/bd/design_1/ipshared/d62f/hdl/fifo_copro_v1_0_S00_AXI.v:411]
WARNING: [Synth 8-3848] Net slv_reg0_buf in module/entity fifo_copro_v1_0_S00_AXI does not have driver. [/home/seungwoo/Downloads/qos2/qos.srcs/sources_1/bd/design_1/ipshared/d62f/hdl/fifo_copro_v1_0_S00_AXI.v:411]
WARNING: [Synth 8-3848] Net slv_reg0_buf in module/entity fifo_copro_v1_0_S00_AXI does not have driver. [/home/seungwoo/Downloads/qos2/qos.srcs/sources_1/bd/design_1/ipshared/d62f/hdl/fifo_copro_v1_0_S00_AXI.v:411]
WARNING: [Synth 8-3848] Net slv_reg0_buf in module/entity fifo_copro_v1_0_S00_AXI does not have driver. [/home/seungwoo/Downloads/qos2/qos.srcs/sources_1/bd/design_1/ipshared/d62f/hdl/fifo_copro_v1_0_S00_AXI.v:411]
WARNING: [Synth 8-3848] Net slv_reg0_buf in module/entity fifo_copro_v1_0_S00_AXI does not have driver. [/home/seungwoo/Downloads/qos2/qos.srcs/sources_1/bd/design_1/ipshared/d62f/hdl/fifo_copro_v1_0_S00_AXI.v:411]
WARNING: [Synth 8-3848] Net slv_reg0_buf in module/entity fifo_copro_v1_0_S00_AXI does not have driver. [/home/seungwoo/Downloads/qos2/qos.srcs/sources_1/bd/design_1/ipshared/d62f/hdl/fifo_copro_v1_0_S00_AXI.v:411]
WARNING: [Synth 8-3848] Net slv_reg0_buf in module/entity fifo_copro_v1_0_S00_AXI does not have driver. [/home/seungwoo/Downloads/qos2/qos.srcs/sources_1/bd/design_1/ipshared/d62f/hdl/fifo_copro_v1_0_S00_AXI.v:411]
WARNING: [Synth 8-3848] Net slv_reg0_buf in module/entity fifo_copro_v1_0_S00_AXI does not have driver. [/home/seungwoo/Downloads/qos2/qos.srcs/sources_1/bd/design_1/ipshared/d62f/hdl/fifo_copro_v1_0_S00_AXI.v:411]
WARNING: [Synth 8-3848] Net slv_reg0_buf in module/entity fifo_copro_v1_0_S00_AXI does not have driver. [/home/seungwoo/Downloads/qos2/qos.srcs/sources_1/bd/design_1/ipshared/d62f/hdl/fifo_copro_v1_0_S00_AXI.v:411]
WARNING: [Synth 8-3848] Net slv_reg0_buf in module/entity fifo_copro_v1_0_S00_AXI does not have driver. [/home/seungwoo/Downloads/qos2/qos.srcs/sources_1/bd/design_1/ipshared/d62f/hdl/fifo_copro_v1_0_S00_AXI.v:411]
WARNING: [Synth 8-3848] Net slv_reg0_buf in module/entity fifo_copro_v1_0_S00_AXI does not have driver. [/home/seungwoo/Downloads/qos2/qos.srcs/sources_1/bd/design_1/ipshared/d62f/hdl/fifo_copro_v1_0_S00_AXI.v:411]
WARNING: [Synth 8-3848] Net slv_reg0_buf in module/entity fifo_copro_v1_0_S00_AXI does not have driver. [/home/seungwoo/Downloads/qos2/qos.srcs/sources_1/bd/design_1/ipshared/d62f/hdl/fifo_copro_v1_0_S00_AXI.v:411]
WARNING: [Synth 8-3848] Net slv_reg0_buf in module/entity fifo_copro_v1_0_S00_AXI does not have driver. [/home/seungwoo/Downloads/qos2/qos.srcs/sources_1/bd/design_1/ipshared/d62f/hdl/fifo_copro_v1_0_S00_AXI.v:411]
WARNING: [Synth 8-3848] Net slv_reg0_buf in module/entity fifo_copro_v1_0_S00_AXI does not have driver. [/home/seungwoo/Downloads/qos2/qos.srcs/sources_1/bd/design_1/ipshared/d62f/hdl/fifo_copro_v1_0_S00_AXI.v:411]
WARNING: [Synth 8-3848] Net slv_reg0_buf in module/entity fifo_copro_v1_0_S00_AXI does not have driver. [/home/seungwoo/Downloads/qos2/qos.srcs/sources_1/bd/design_1/ipshared/d62f/hdl/fifo_copro_v1_0_S00_AXI.v:411]
WARNING: [Synth 8-3848] Net slv_reg0_buf in module/entity fifo_copro_v1_0_S00_AXI does not have driver. [/home/seungwoo/Downloads/qos2/qos.srcs/sources_1/bd/design_1/ipshared/d62f/hdl/fifo_copro_v1_0_S00_AXI.v:411]
WARNING: [Synth 8-3848] Net slv_reg0_buf in module/entity fifo_copro_v1_0_S00_AXI does not have driver. [/home/seungwoo/Downloads/qos2/qos.srcs/sources_1/bd/design_1/ipshared/d62f/hdl/fifo_copro_v1_0_S00_AXI.v:411]
WARNING: [Synth 8-3848] Net slv_reg0_buf in module/entity fifo_copro_v1_0_S00_AXI does not have driver. [/home/seungwoo/Downloads/qos2/qos.srcs/sources_1/bd/design_1/ipshared/d62f/hdl/fifo_copro_v1_0_S00_AXI.v:411]
WARNING: [Synth 8-3848] Net slv_reg0_buf in module/entity fifo_copro_v1_0_S00_AXI does not have driver. [/home/seungwoo/Downloads/qos2/qos.srcs/sources_1/bd/design_1/ipshared/d62f/hdl/fifo_copro_v1_0_S00_AXI.v:411]
WARNING: [Synth 8-3848] Net slv_reg0_buf in module/entity fifo_copro_v1_0_S00_AXI does not have driver. [/home/seungwoo/Downloads/qos2/qos.srcs/sources_1/bd/design_1/ipshared/d62f/hdl/fifo_copro_v1_0_S00_AXI.v:411]
WARNING: [Synth 8-3848] Net slv_reg0_buf in module/entity fifo_copro_v1_0_S00_AXI does not have driver. [/home/seungwoo/Downloads/qos2/qos.srcs/sources_1/bd/design_1/ipshared/d62f/hdl/fifo_copro_v1_0_S00_AXI.v:411]
WARNING: [Synth 8-3848] Net slv_reg0_buf in module/entity fifo_copro_v1_0_S00_AXI does not have driver. [/home/seungwoo/Downloads/qos2/qos.srcs/sources_1/bd/design_1/ipshared/d62f/hdl/fifo_copro_v1_0_S00_AXI.v:411]
WARNING: [Synth 8-3848] Net slv_reg0_buf in module/entity fifo_copro_v1_0_S00_AXI does not have driver. [/home/seungwoo/Downloads/qos2/qos.srcs/sources_1/bd/design_1/ipshared/d62f/hdl/fifo_copro_v1_0_S00_AXI.v:411]
WARNING: [Synth 8-3848] Net slv_reg0_buf in module/entity fifo_copro_v1_0_S00_AXI does not have driver. [/home/seungwoo/Downloads/qos2/qos.srcs/sources_1/bd/design_1/ipshared/d62f/hdl/fifo_copro_v1_0_S00_AXI.v:411]
WARNING: [Synth 8-3848] Net slv_reg0_buf in module/entity fifo_copro_v1_0_S00_AXI does not have driver. [/home/seungwoo/Downloads/qos2/qos.srcs/sources_1/bd/design_1/ipshared/d62f/hdl/fifo_copro_v1_0_S00_AXI.v:411]
WARNING: [Synth 8-3848] Net slv_reg0_buf in module/entity fifo_copro_v1_0_S00_AXI does not have driver. [/home/seungwoo/Downloads/qos2/qos.srcs/sources_1/bd/design_1/ipshared/d62f/hdl/fifo_copro_v1_0_S00_AXI.v:411]
WARNING: [Synth 8-3848] Net slv_reg0_buf in module/entity fifo_copro_v1_0_S00_AXI does not have driver. [/home/seungwoo/Downloads/qos2/qos.srcs/sources_1/bd/design_1/ipshared/d62f/hdl/fifo_copro_v1_0_S00_AXI.v:411]
WARNING: [Synth 8-3848] Net slv_reg0_buf in module/entity fifo_copro_v1_0_S00_AXI does not have driver. [/home/seungwoo/Downloads/qos2/qos.srcs/sources_1/bd/design_1/ipshared/d62f/hdl/fifo_copro_v1_0_S00_AXI.v:411]
WARNING: [Synth 8-3848] Net slv_reg0_buf in module/entity fifo_copro_v1_0_S00_AXI does not have driver. [/home/seungwoo/Downloads/qos2/qos.srcs/sources_1/bd/design_1/ipshared/d62f/hdl/fifo_copro_v1_0_S00_AXI.v:411]
WARNING: [Synth 8-3848] Net slv_reg0_buf in module/entity fifo_copro_v1_0_S00_AXI does not have driver. [/home/seungwoo/Downloads/qos2/qos.srcs/sources_1/bd/design_1/ipshared/d62f/hdl/fifo_copro_v1_0_S00_AXI.v:411]
WARNING: [Synth 8-3848] Net slv_reg0_buf in module/entity fifo_copro_v1_0_S00_AXI does not have driver. [/home/seungwoo/Downloads/qos2/qos.srcs/sources_1/bd/design_1/ipshared/d62f/hdl/fifo_copro_v1_0_S00_AXI.v:411]
WARNING: [Synth 8-3848] Net slv_reg0_buf in module/entity fifo_copro_v1_0_S00_AXI does not have driver. [/home/seungwoo/Downloads/qos2/qos.srcs/sources_1/bd/design_1/ipshared/d62f/hdl/fifo_copro_v1_0_S00_AXI.v:411]
WARNING: [Synth 8-3848] Net slv_reg0_buf in module/entity fifo_copro_v1_0_S00_AXI does not have driver. [/home/seungwoo/Downloads/qos2/qos.srcs/sources_1/bd/design_1/ipshared/d62f/hdl/fifo_copro_v1_0_S00_AXI.v:411]
WARNING: [Synth 8-3848] Net slv_reg0_buf in module/entity fifo_copro_v1_0_S00_AXI does not have driver. [/home/seungwoo/Downloads/qos2/qos.srcs/sources_1/bd/design_1/ipshared/d62f/hdl/fifo_copro_v1_0_S00_AXI.v:411]
WARNING: [Synth 8-3848] Net slv_reg0_buf in module/entity fifo_copro_v1_0_S00_AXI does not have driver. [/home/seungwoo/Downloads/qos2/qos.srcs/sources_1/bd/design_1/ipshared/d62f/hdl/fifo_copro_v1_0_S00_AXI.v:411]
WARNING: [Synth 8-3848] Net slv_reg0_buf in module/entity fifo_copro_v1_0_S00_AXI does not have driver. [/home/seungwoo/Downloads/qos2/qos.srcs/sources_1/bd/design_1/ipshared/d62f/hdl/fifo_copro_v1_0_S00_AXI.v:411]
WARNING: [Synth 8-3848] Net slv_reg0_buf in module/entity fifo_copro_v1_0_S00_AXI does not have driver. [/home/seungwoo/Downloads/qos2/qos.srcs/sources_1/bd/design_1/ipshared/d62f/hdl/fifo_copro_v1_0_S00_AXI.v:411]
WARNING: [Synth 8-3848] Net slv_reg0_buf in module/entity fifo_copro_v1_0_S00_AXI does not have driver. [/home/seungwoo/Downloads/qos2/qos.srcs/sources_1/bd/design_1/ipshared/d62f/hdl/fifo_copro_v1_0_S00_AXI.v:411]
WARNING: [Synth 8-3848] Net slv_reg0_buf in module/entity fifo_copro_v1_0_S00_AXI does not have driver. [/home/seungwoo/Downloads/qos2/qos.srcs/sources_1/bd/design_1/ipshared/d62f/hdl/fifo_copro_v1_0_S00_AXI.v:411]
WARNING: [Synth 8-3848] Net slv_reg0_buf in module/entity fifo_copro_v1_0_S00_AXI does not have driver. [/home/seungwoo/Downloads/qos2/qos.srcs/sources_1/bd/design_1/ipshared/d62f/hdl/fifo_copro_v1_0_S00_AXI.v:411]
WARNING: [Synth 8-3848] Net slv_reg0_buf in module/entity fifo_copro_v1_0_S00_AXI does not have driver. [/home/seungwoo/Downloads/qos2/qos.srcs/sources_1/bd/design_1/ipshared/d62f/hdl/fifo_copro_v1_0_S00_AXI.v:411]
WARNING: [Synth 8-3848] Net slv_reg0_buf in module/entity fifo_copro_v1_0_S00_AXI does not have driver. [/home/seungwoo/Downloads/qos2/qos.srcs/sources_1/bd/design_1/ipshared/d62f/hdl/fifo_copro_v1_0_S00_AXI.v:411]
WARNING: [Synth 8-3848] Net slv_reg0_buf in module/entity fifo_copro_v1_0_S00_AXI does not have driver. [/home/seungwoo/Downloads/qos2/qos.srcs/sources_1/bd/design_1/ipshared/d62f/hdl/fifo_copro_v1_0_S00_AXI.v:411]
WARNING: [Synth 8-3848] Net slv_reg0_buf in module/entity fifo_copro_v1_0_S00_AXI does not have driver. [/home/seungwoo/Downloads/qos2/qos.srcs/sources_1/bd/design_1/ipshared/d62f/hdl/fifo_copro_v1_0_S00_AXI.v:411]
WARNING: [Synth 8-3848] Net slv_reg0_buf in module/entity fifo_copro_v1_0_S00_AXI does not have driver. [/home/seungwoo/Downloads/qos2/qos.srcs/sources_1/bd/design_1/ipshared/d62f/hdl/fifo_copro_v1_0_S00_AXI.v:411]
WARNING: [Synth 8-3848] Net slv_reg0_buf in module/entity fifo_copro_v1_0_S00_AXI does not have driver. [/home/seungwoo/Downloads/qos2/qos.srcs/sources_1/bd/design_1/ipshared/d62f/hdl/fifo_copro_v1_0_S00_AXI.v:411]
WARNING: [Synth 8-3848] Net slv_reg0_buf in module/entity fifo_copro_v1_0_S00_AXI does not have driver. [/home/seungwoo/Downloads/qos2/qos.srcs/sources_1/bd/design_1/ipshared/d62f/hdl/fifo_copro_v1_0_S00_AXI.v:411]
WARNING: [Synth 8-3848] Net slv_reg0_buf in module/entity fifo_copro_v1_0_S00_AXI does not have driver. [/home/seungwoo/Downloads/qos2/qos.srcs/sources_1/bd/design_1/ipshared/d62f/hdl/fifo_copro_v1_0_S00_AXI.v:411]
WARNING: [Synth 8-3848] Net slv_reg0_buf in module/entity fifo_copro_v1_0_S00_AXI does not have driver. [/home/seungwoo/Downloads/qos2/qos.srcs/sources_1/bd/design_1/ipshared/d62f/hdl/fifo_copro_v1_0_S00_AXI.v:411]
WARNING: [Synth 8-3848] Net slv_reg0_buf in module/entity fifo_copro_v1_0_S00_AXI does not have driver. [/home/seungwoo/Downloads/qos2/qos.srcs/sources_1/bd/design_1/ipshared/d62f/hdl/fifo_copro_v1_0_S00_AXI.v:411]
WARNING: [Synth 8-3848] Net slv_reg0_buf in module/entity fifo_copro_v1_0_S00_AXI does not have driver. [/home/seungwoo/Downloads/qos2/qos.srcs/sources_1/bd/design_1/ipshared/d62f/hdl/fifo_copro_v1_0_S00_AXI.v:411]
WARNING: [Synth 8-3848] Net slv_reg0_buf in module/entity fifo_copro_v1_0_S00_AXI does not have driver. [/home/seungwoo/Downloads/qos2/qos.srcs/sources_1/bd/design_1/ipshared/d62f/hdl/fifo_copro_v1_0_S00_AXI.v:411]
WARNING: [Synth 8-3848] Net slv_reg0_buf in module/entity fifo_copro_v1_0_S00_AXI does not have driver. [/home/seungwoo/Downloads/qos2/qos.srcs/sources_1/bd/design_1/ipshared/d62f/hdl/fifo_copro_v1_0_S00_AXI.v:411]
WARNING: [Synth 8-3848] Net slv_reg0_buf in module/entity fifo_copro_v1_0_S00_AXI does not have driver. [/home/seungwoo/Downloads/qos2/qos.srcs/sources_1/bd/design_1/ipshared/d62f/hdl/fifo_copro_v1_0_S00_AXI.v:411]
WARNING: [Synth 8-3848] Net slv_reg0_buf in module/entity fifo_copro_v1_0_S00_AXI does not have driver. [/home/seungwoo/Downloads/qos2/qos.srcs/sources_1/bd/design_1/ipshared/d62f/hdl/fifo_copro_v1_0_S00_AXI.v:411]
WARNING: [Synth 8-3848] Net slv_reg0_buf in module/entity fifo_copro_v1_0_S00_AXI does not have driver. [/home/seungwoo/Downloads/qos2/qos.srcs/sources_1/bd/design_1/ipshared/d62f/hdl/fifo_copro_v1_0_S00_AXI.v:411]
WARNING: [Synth 8-3848] Net slv_reg0_buf in module/entity fifo_copro_v1_0_S00_AXI does not have driver. [/home/seungwoo/Downloads/qos2/qos.srcs/sources_1/bd/design_1/ipshared/d62f/hdl/fifo_copro_v1_0_S00_AXI.v:411]
WARNING: [Synth 8-3848] Net slv_reg0_buf in module/entity fifo_copro_v1_0_S00_AXI does not have driver. [/home/seungwoo/Downloads/qos2/qos.srcs/sources_1/bd/design_1/ipshared/d62f/hdl/fifo_copro_v1_0_S00_AXI.v:411]
WARNING: [Synth 8-3848] Net slv_reg0_buf in module/entity fifo_copro_v1_0_S00_AXI does not have driver. [/home/seungwoo/Downloads/qos2/qos.srcs/sources_1/bd/design_1/ipshared/d62f/hdl/fifo_copro_v1_0_S00_AXI.v:411]
WARNING: [Synth 8-3848] Net slv_reg0_buf in module/entity fifo_copro_v1_0_S00_AXI does not have driver. [/home/seungwoo/Downloads/qos2/qos.srcs/sources_1/bd/design_1/ipshared/d62f/hdl/fifo_copro_v1_0_S00_AXI.v:411]
WARNING: [Synth 8-3848] Net slv_reg0_buf in module/entity fifo_copro_v1_0_S00_AXI does not have driver. [/home/seungwoo/Downloads/qos2/qos.srcs/sources_1/bd/design_1/ipshared/d62f/hdl/fifo_copro_v1_0_S00_AXI.v:411]
WARNING: [Synth 8-3848] Net slv_reg0_buf in module/entity fifo_copro_v1_0_S00_AXI does not have driver. [/home/seungwoo/Downloads/qos2/qos.srcs/sources_1/bd/design_1/ipshared/d62f/hdl/fifo_copro_v1_0_S00_AXI.v:411]
WARNING: [Synth 8-3848] Net slv_reg0_buf in module/entity fifo_copro_v1_0_S00_AXI does not have driver. [/home/seungwoo/Downloads/qos2/qos.srcs/sources_1/bd/design_1/ipshared/d62f/hdl/fifo_copro_v1_0_S00_AXI.v:411]
WARNING: [Synth 8-3848] Net slv_reg0_buf in module/entity fifo_copro_v1_0_S00_AXI does not have driver. [/home/seungwoo/Downloads/qos2/qos.srcs/sources_1/bd/design_1/ipshared/d62f/hdl/fifo_copro_v1_0_S00_AXI.v:411]
WARNING: [Synth 8-3848] Net slv_reg0_buf in module/entity fifo_copro_v1_0_S00_AXI does not have driver. [/home/seungwoo/Downloads/qos2/qos.srcs/sources_1/bd/design_1/ipshared/d62f/hdl/fifo_copro_v1_0_S00_AXI.v:411]
WARNING: [Synth 8-3848] Net slv_reg0_buf in module/entity fifo_copro_v1_0_S00_AXI does not have driver. [/home/seungwoo/Downloads/qos2/qos.srcs/sources_1/bd/design_1/ipshared/d62f/hdl/fifo_copro_v1_0_S00_AXI.v:411]
WARNING: [Synth 8-3848] Net slv_reg0_buf in module/entity fifo_copro_v1_0_S00_AXI does not have driver. [/home/seungwoo/Downloads/qos2/qos.srcs/sources_1/bd/design_1/ipshared/d62f/hdl/fifo_copro_v1_0_S00_AXI.v:411]
WARNING: [Synth 8-3848] Net slv_reg0_buf in module/entity fifo_copro_v1_0_S00_AXI does not have driver. [/home/seungwoo/Downloads/qos2/qos.srcs/sources_1/bd/design_1/ipshared/d62f/hdl/fifo_copro_v1_0_S00_AXI.v:411]
WARNING: [Synth 8-3848] Net slv_reg0_buf in module/entity fifo_copro_v1_0_S00_AXI does not have driver. [/home/seungwoo/Downloads/qos2/qos.srcs/sources_1/bd/design_1/ipshared/d62f/hdl/fifo_copro_v1_0_S00_AXI.v:411]
INFO: [Common 17-14] Message 'Synth 8-3848' appears 100 times and further instances of the messages will be disabled. Use the Tcl command set_msg_config to change the current settings.
INFO: [Synth 8-256] done synthesizing module 'fifo_copro_v1_0_S00_AXI' (26#1) [/home/seungwoo/Downloads/qos2/qos.srcs/sources_1/bd/design_1/ipshared/d62f/hdl/fifo_copro_v1_0_S00_AXI.v:4]
INFO: [Synth 8-256] done synthesizing module 'fifo_copro_v1_0' (27#1) [/home/seungwoo/Downloads/qos2/qos.srcs/sources_1/bd/design_1/ipshared/d62f/hdl/fifo_copro_v1_0.v:4]
INFO: [Synth 8-256] done synthesizing module 'design_1_fifo_copro_0_1' (28#1) [/home/seungwoo/Downloads/qos2/qos.srcs/sources_1/bd/design_1/ip/design_1_fifo_copro_0_1/synth/design_1_fifo_copro_0_1.v:56]
WARNING: [Synth 8-3331] design wr_status_flags_ss has unconnected port RST_FULL_FF
WARNING: [Synth 8-3331] design wr_status_flags_ss has unconnected port WR_RST
WARNING: [Synth 8-3331] design wr_status_flags_ss has unconnected port SRST
WARNING: [Synth 8-3331] design wr_status_flags_ss has unconnected port SAFETY_CKT_WR_RST
WARNING: [Synth 8-3331] design wr_status_flags_ss has unconnected port WR_PNTR_PLUS2[9]
WARNING: [Synth 8-3331] design wr_status_flags_ss has unconnected port WR_PNTR_PLUS2[8]
WARNING: [Synth 8-3331] design wr_status_flags_ss has unconnected port WR_PNTR_PLUS2[7]
WARNING: [Synth 8-3331] design wr_status_flags_ss has unconnected port WR_PNTR_PLUS2[6]
WARNING: [Synth 8-3331] design wr_status_flags_ss has unconnected port WR_PNTR_PLUS2[5]
WARNING: [Synth 8-3331] design wr_status_flags_ss has unconnected port WR_PNTR_PLUS2[4]
WARNING: [Synth 8-3331] design wr_status_flags_ss has unconnected port WR_PNTR_PLUS2[3]
WARNING: [Synth 8-3331] design wr_status_flags_ss has unconnected port WR_PNTR_PLUS2[2]
WARNING: [Synth 8-3331] design wr_status_flags_ss has unconnected port WR_PNTR_PLUS2[1]
WARNING: [Synth 8-3331] design wr_status_flags_ss has unconnected port WR_PNTR_PLUS2[0]
WARNING: [Synth 8-3331] design wr_status_flags_ss has unconnected port WR_PNTR_PLUS3[9]
WARNING: [Synth 8-3331] design wr_status_flags_ss has unconnected port WR_PNTR_PLUS3[8]
WARNING: [Synth 8-3331] design wr_status_flags_ss has unconnected port WR_PNTR_PLUS3[7]
WARNING: [Synth 8-3331] design wr_status_flags_ss has unconnected port WR_PNTR_PLUS3[6]
WARNING: [Synth 8-3331] design wr_status_flags_ss has unconnected port WR_PNTR_PLUS3[5]
WARNING: [Synth 8-3331] design wr_status_flags_ss has unconnected port WR_PNTR_PLUS3[4]
WARNING: [Synth 8-3331] design wr_status_flags_ss has unconnected port WR_PNTR_PLUS3[3]
WARNING: [Synth 8-3331] design wr_status_flags_ss has unconnected port WR_PNTR_PLUS3[2]
WARNING: [Synth 8-3331] design wr_status_flags_ss has unconnected port WR_PNTR_PLUS3[1]
WARNING: [Synth 8-3331] design wr_status_flags_ss has unconnected port WR_PNTR_PLUS3[0]
WARNING: [Synth 8-3331] design wr_bin_cntr has unconnected port RST
WARNING: [Synth 8-3331] design wr_logic has unconnected port WR_EN_INTO_LOGIC
WARNING: [Synth 8-3331] design wr_logic has unconnected port WR_RST_INTO_LOGIC
WARNING: [Synth 8-3331] design wr_logic has unconnected port RD_EN
WARNING: [Synth 8-3331] design wr_logic has unconnected port WR_RST_BUSY
WARNING: [Synth 8-3331] design wr_logic has unconnected port EMPTY
WARNING: [Synth 8-3331] design wr_logic has unconnected port ALMOST_EMPTY
WARNING: [Synth 8-3331] design wr_logic has unconnected port PROG_FULL_THRESH[9]
WARNING: [Synth 8-3331] design wr_logic has unconnected port PROG_FULL_THRESH[8]
WARNING: [Synth 8-3331] design wr_logic has unconnected port PROG_FULL_THRESH[7]
WARNING: [Synth 8-3331] design wr_logic has unconnected port PROG_FULL_THRESH[6]
WARNING: [Synth 8-3331] design wr_logic has unconnected port PROG_FULL_THRESH[5]
WARNING: [Synth 8-3331] design wr_logic has unconnected port PROG_FULL_THRESH[4]
WARNING: [Synth 8-3331] design wr_logic has unconnected port PROG_FULL_THRESH[3]
WARNING: [Synth 8-3331] design wr_logic has unconnected port PROG_FULL_THRESH[2]
WARNING: [Synth 8-3331] design wr_logic has unconnected port PROG_FULL_THRESH[1]
WARNING: [Synth 8-3331] design wr_logic has unconnected port PROG_FULL_THRESH[0]
WARNING: [Synth 8-3331] design wr_logic has unconnected port PROG_FULL_THRESH_ASSERT[9]
WARNING: [Synth 8-3331] design wr_logic has unconnected port PROG_FULL_THRESH_ASSERT[8]
WARNING: [Synth 8-3331] design wr_logic has unconnected port PROG_FULL_THRESH_ASSERT[7]
WARNING: [Synth 8-3331] design wr_logic has unconnected port PROG_FULL_THRESH_ASSERT[6]
WARNING: [Synth 8-3331] design wr_logic has unconnected port PROG_FULL_THRESH_ASSERT[5]
WARNING: [Synth 8-3331] design wr_logic has unconnected port PROG_FULL_THRESH_ASSERT[4]
WARNING: [Synth 8-3331] design wr_logic has unconnected port PROG_FULL_THRESH_ASSERT[3]
WARNING: [Synth 8-3331] design wr_logic has unconnected port PROG_FULL_THRESH_ASSERT[2]
WARNING: [Synth 8-3331] design wr_logic has unconnected port PROG_FULL_THRESH_ASSERT[1]
WARNING: [Synth 8-3331] design wr_logic has unconnected port PROG_FULL_THRESH_ASSERT[0]
WARNING: [Synth 8-3331] design wr_logic has unconnected port PROG_FULL_THRESH_NEGATE[9]
WARNING: [Synth 8-3331] design wr_logic has unconnected port PROG_FULL_THRESH_NEGATE[8]
WARNING: [Synth 8-3331] design wr_logic has unconnected port PROG_FULL_THRESH_NEGATE[7]
WARNING: [Synth 8-3331] design wr_logic has unconnected port PROG_FULL_THRESH_NEGATE[6]
WARNING: [Synth 8-3331] design wr_logic has unconnected port PROG_FULL_THRESH_NEGATE[5]
WARNING: [Synth 8-3331] design wr_logic has unconnected port PROG_FULL_THRESH_NEGATE[4]
WARNING: [Synth 8-3331] design wr_logic has unconnected port PROG_FULL_THRESH_NEGATE[3]
WARNING: [Synth 8-3331] design wr_logic has unconnected port PROG_FULL_THRESH_NEGATE[2]
WARNING: [Synth 8-3331] design wr_logic has unconnected port PROG_FULL_THRESH_NEGATE[1]
WARNING: [Synth 8-3331] design wr_logic has unconnected port PROG_FULL_THRESH_NEGATE[0]
WARNING: [Synth 8-3331] design rd_fwft has unconnected port RD_RST
WARNING: [Synth 8-3331] design rd_fwft has unconnected port SAFETY_CKT_RD_RST
WARNING: [Synth 8-3331] design rd_fwft has unconnected port RAM_ALMOST_EMPTY
WARNING: [Synth 8-3331] design rd_status_flags_ss has unconnected port RD_RST
WARNING: [Synth 8-3331] design rd_status_flags_ss has unconnected port SAFETY_CKT_RD_RST
WARNING: [Synth 8-3331] design rd_status_flags_ss has unconnected port RD_PNTR_PLUS2[9]
WARNING: [Synth 8-3331] design rd_status_flags_ss has unconnected port RD_PNTR_PLUS2[8]
WARNING: [Synth 8-3331] design rd_status_flags_ss has unconnected port RD_PNTR_PLUS2[7]
WARNING: [Synth 8-3331] design rd_status_flags_ss has unconnected port RD_PNTR_PLUS2[6]
WARNING: [Synth 8-3331] design rd_status_flags_ss has unconnected port RD_PNTR_PLUS2[5]
WARNING: [Synth 8-3331] design rd_status_flags_ss has unconnected port RD_PNTR_PLUS2[4]
WARNING: [Synth 8-3331] design rd_status_flags_ss has unconnected port RD_PNTR_PLUS2[3]
WARNING: [Synth 8-3331] design rd_status_flags_ss has unconnected port RD_PNTR_PLUS2[2]
WARNING: [Synth 8-3331] design rd_status_flags_ss has unconnected port RD_PNTR_PLUS2[1]
WARNING: [Synth 8-3331] design rd_status_flags_ss has unconnected port RD_PNTR_PLUS2[0]
WARNING: [Synth 8-3331] design rd_bin_cntr has unconnected port RST
WARNING: [Synth 8-3331] design rd_logic has unconnected port RD_EN_INTO_LOGIC
WARNING: [Synth 8-3331] design rd_logic has unconnected port RD_RST_INTO_LOGIC
WARNING: [Synth 8-3331] design rd_logic has unconnected port RD_RST_BUSY
WARNING: [Synth 8-3331] design rd_logic has unconnected port RST_FULL_FF
WARNING: [Synth 8-3331] design rd_logic has unconnected port ALMOST_FULL_FB
WARNING: [Synth 8-3331] design rd_logic has unconnected port FULL
WARNING: [Synth 8-3331] design rd_logic has unconnected port WR_PNTR_PLUS1_RD[9]
WARNING: [Synth 8-3331] design rd_logic has unconnected port WR_PNTR_PLUS1_RD[8]
WARNING: [Synth 8-3331] design rd_logic has unconnected port WR_PNTR_PLUS1_RD[7]
WARNING: [Synth 8-3331] design rd_logic has unconnected port WR_PNTR_PLUS1_RD[6]
WARNING: [Synth 8-3331] design rd_logic has unconnected port WR_PNTR_PLUS1_RD[5]
WARNING: [Synth 8-3331] design rd_logic has unconnected port WR_PNTR_PLUS1_RD[4]
WARNING: [Synth 8-3331] design rd_logic has unconnected port WR_PNTR_PLUS1_RD[3]
WARNING: [Synth 8-3331] design rd_logic has unconnected port WR_PNTR_PLUS1_RD[2]
WARNING: [Synth 8-3331] design rd_logic has unconnected port WR_PNTR_PLUS1_RD[1]
WARNING: [Synth 8-3331] design rd_logic has unconnected port WR_PNTR_PLUS1_RD[0]
WARNING: [Synth 8-3331] design rd_logic has unconnected port PROG_EMPTY_THRESH[9]
WARNING: [Synth 8-3331] design rd_logic has unconnected port PROG_EMPTY_THRESH[8]
WARNING: [Synth 8-3331] design rd_logic has unconnected port PROG_EMPTY_THRESH[7]
WARNING: [Synth 8-3331] design rd_logic has unconnected port PROG_EMPTY_THRESH[6]
WARNING: [Synth 8-3331] design rd_logic has unconnected port PROG_EMPTY_THRESH[5]
WARNING: [Synth 8-3331] design rd_logic has unconnected port PROG_EMPTY_THRESH[4]
WARNING: [Synth 8-3331] design rd_logic has unconnected port PROG_EMPTY_THRESH[3]
INFO: [Common 17-14] Message 'Synth 8-3331' appears 100 times and further instances of the messages will be disabled. Use the Tcl command set_msg_config to change the current settings.
---------------------------------------------------------------------------------
Finished RTL Elaboration : Time (s): cpu = 00:01:10 ; elapsed = 00:01:20 . Memory (MB): peak = 1486.422 ; gain = 301.430 ; free physical = 1361 ; free virtual = 7782
---------------------------------------------------------------------------------

Report Check Netlist: 
+------+------------------+-------+---------+-------+------------------+
|      |Item              |Errors |Warnings |Status |Description       |
+------+------------------+-------+---------+-------+------------------+
|1     |multi_driven_nets |      0|        0|Passed |Multi driven nets |
+------+------------------+-------+---------+-------+------------------+
---------------------------------------------------------------------------------
Finished RTL Optimization Phase 1 : Time (s): cpu = 00:01:10 ; elapsed = 00:01:20 . Memory (MB): peak = 1486.422 ; gain = 301.430 ; free physical = 1369 ; free virtual = 7789
---------------------------------------------------------------------------------
INFO: [Netlist 29-17] Analyzing 21 Unisim elements for replacement
INFO: [Netlist 29-28] Unisim Transformation completed in 0 CPU seconds
INFO: [Device 21-403] Loading part xc7z020clg400-1
INFO: [Project 1-570] Preparing netlist for logic optimization

Processing XDC Constraints
Initializing timing engine
Parsing XDC File [/home/seungwoo/Downloads/qos2/qos.srcs/sources_1/bd/design_1/ip/design_1_fifo_copro_0_1/src/fifo_generator_0_1/fifo_generator_0.xdc] for cell 'inst/fifo_copro_v1_0_S00_AXI_inst/fifo_generator_0_inst/U0'
Finished Parsing XDC File [/home/seungwoo/Downloads/qos2/qos.srcs/sources_1/bd/design_1/ip/design_1_fifo_copro_0_1/src/fifo_generator_0_1/fifo_generator_0.xdc] for cell 'inst/fifo_copro_v1_0_S00_AXI_inst/fifo_generator_0_inst/U0'
Parsing XDC File [/home/seungwoo/Downloads/qos2/qos.runs/design_1_fifo_copro_0_1_synth_1/dont_touch.xdc]
Finished Parsing XDC File [/home/seungwoo/Downloads/qos2/qos.runs/design_1_fifo_copro_0_1_synth_1/dont_touch.xdc]
INFO: [Project 1-236] Implementation specific constraints were found while reading constraint file [/home/seungwoo/Downloads/qos2/qos.runs/design_1_fifo_copro_0_1_synth_1/dont_touch.xdc]. These constraints will be ignored for synthesis but will be used in implementation. Impacted constraints are listed in the file [.Xil/design_1_fifo_copro_0_1_propImpl.xdc].
Resolution: To avoid this warning, move constraints listed in [.Xil/design_1_fifo_copro_0_1_propImpl.xdc] to another XDC file and exclude this new file from synthesis with the used_in_synthesis property (File Properties dialog in GUI) and re-run elaboration/synthesis.
Completed Processing XDC Constraints

INFO: [Project 1-111] Unisim Transformation Summary:
No Unisim elements were transformed.

Constraint Validation Runtime : Time (s): cpu = 00:00:00.01 ; elapsed = 00:00:00.01 . Memory (MB): peak = 1642.453 ; gain = 0.000 ; free physical = 1146 ; free virtual = 7566
---------------------------------------------------------------------------------
Finished Constraint Validation : Time (s): cpu = 00:01:25 ; elapsed = 00:01:44 . Memory (MB): peak = 1642.453 ; gain = 457.461 ; free physical = 1212 ; free virtual = 7639
---------------------------------------------------------------------------------
---------------------------------------------------------------------------------
Start Loading Part and Timing Information
---------------------------------------------------------------------------------
Loading part: xc7z020clg400-1
---------------------------------------------------------------------------------
Finished Loading Part and Timing Information : Time (s): cpu = 00:01:25 ; elapsed = 00:01:44 . Memory (MB): peak = 1642.453 ; gain = 457.461 ; free physical = 1211 ; free virtual = 7639
---------------------------------------------------------------------------------
---------------------------------------------------------------------------------
Start Applying 'set_property' XDC Constraints
---------------------------------------------------------------------------------
Applied set_property DONT_TOUCH = true for inst/fifo_copro_v1_0_S00_AXI_inst/fifo_generator_0_inst/U0. (constraint file  /home/seungwoo/Downloads/qos2/qos.runs/design_1_fifo_copro_0_1_synth_1/dont_touch.xdc, line 11).
Applied set_property DONT_TOUCH = true for inst/fifo_copro_v1_0_S00_AXI_inst/fifo_generator_0_inst. (constraint file  auto generated constraint, line ).
---------------------------------------------------------------------------------
Finished applying 'set_property' XDC Constraints : Time (s): cpu = 00:01:25 ; elapsed = 00:01:44 . Memory (MB): peak = 1642.453 ; gain = 457.461 ; free physical = 1211 ; free virtual = 7639
---------------------------------------------------------------------------------
INFO: [Synth 8-5544] ROM "leaving_empty_fwft" won't be mapped to Block RAM because address size (2) smaller than threshold (5)
INFO: [Synth 8-5545] ROM "w_flag" won't be mapped to RAM because address size (32) is larger than maximum supported(25)
INFO: [Synth 8-5545] ROM "pitch_buf" won't be mapped to RAM because address size (32) is larger than maximum supported(25)
WARNING: [Synth 8-6014] Unused sequential element t_counter_reg was removed.  [/home/seungwoo/Downloads/qos2/qos.srcs/sources_1/bd/design_1/ipshared/d62f/hdl/fifo_copro_v1_0_S00_AXI.v:447]
---------------------------------------------------------------------------------
Finished RTL Optimization Phase 2 : Time (s): cpu = 00:01:25 ; elapsed = 00:01:44 . Memory (MB): peak = 1642.453 ; gain = 457.461 ; free physical = 1199 ; free virtual = 7627
---------------------------------------------------------------------------------

Report RTL Partitions: 
+-+--------------+------------+----------+
| |RTL Partition |Replication |Instances |
+-+--------------+------------+----------+
+-+--------------+------------+----------+
---------------------------------------------------------------------------------
Start RTL Component Statistics 
---------------------------------------------------------------------------------
Detailed RTL Component Info : 
+---Adders : 
	   2 Input     10 Bit       Adders := 2     
+---XORs : 
	   2 Input      1 Bit         XORs := 40    
+---Registers : 
	               32 Bit    Registers := 5     
	               10 Bit    Registers := 4     
	                4 Bit    Registers := 2     
	                2 Bit    Registers := 3     
	                1 Bit    Registers := 21    
+---Muxes : 
	   2 Input     32 Bit        Muxes := 3     
	   4 Input     32 Bit        Muxes := 4     
	   2 Input      2 Bit        Muxes := 4     
	   5 Input      2 Bit        Muxes := 1     
	   2 Input      1 Bit        Muxes := 14    
	   3 Input      1 Bit        Muxes := 2     
	   4 Input      1 Bit        Muxes := 2     
---------------------------------------------------------------------------------
Finished RTL Component Statistics 
---------------------------------------------------------------------------------
---------------------------------------------------------------------------------
Start RTL Hierarchical Component Statistics 
---------------------------------------------------------------------------------
Hierarchical RTL Component report 
Module memory 
Detailed RTL Component Info : 
+---Registers : 
	               32 Bit    Registers := 1     
Module rd_bin_cntr 
Detailed RTL Component Info : 
+---Adders : 
	   2 Input     10 Bit       Adders := 1     
+---Registers : 
	               10 Bit    Registers := 2     
Module compare 
Detailed RTL Component Info : 
+---XORs : 
	   2 Input      1 Bit         XORs := 10    
Module rd_status_flags_ss 
Detailed RTL Component Info : 
+---Registers : 
	                1 Bit    Registers := 2     
+---Muxes : 
	   2 Input      1 Bit        Muxes := 1     
Module rd_fwft 
Detailed RTL Component Info : 
+---Registers : 
	                2 Bit    Registers := 1     
	                1 Bit    Registers := 6     
+---Muxes : 
	   2 Input      2 Bit        Muxes := 4     
	   5 Input      2 Bit        Muxes := 1     
	   3 Input      1 Bit        Muxes := 1     
	   2 Input      1 Bit        Muxes := 5     
	   4 Input      1 Bit        Muxes := 2     
Module wr_bin_cntr 
Detailed RTL Component Info : 
+---Adders : 
	   2 Input     10 Bit       Adders := 1     
+---Registers : 
	               10 Bit    Registers := 2     
Module wr_status_flags_ss 
Detailed RTL Component Info : 
+---Registers : 
	                1 Bit    Registers := 2     
Module fifo_copro_v1_0_S00_AXI 
Detailed RTL Component Info : 
+---Registers : 
	               32 Bit    Registers := 4     
	                4 Bit    Registers := 2     
	                2 Bit    Registers := 2     
	                1 Bit    Registers := 11    
+---Muxes : 
	   2 Input     32 Bit        Muxes := 3     
	   4 Input     32 Bit        Muxes := 4     
	   2 Input      1 Bit        Muxes := 8     
	   3 Input      1 Bit        Muxes := 1     
---------------------------------------------------------------------------------
Finished RTL Hierarchical Component Statistics
---------------------------------------------------------------------------------
---------------------------------------------------------------------------------
Start Part Resource Summary
---------------------------------------------------------------------------------
Part Resources:
DSPs: 220 (col length:60)
BRAMs: 280 (col length: RAMB18 60 RAMB36 30)
---------------------------------------------------------------------------------
Finished Part Resource Summary
---------------------------------------------------------------------------------
---------------------------------------------------------------------------------
Start Cross Boundary and Area Optimization
---------------------------------------------------------------------------------
INFO: [Synth 8-5545] ROM "inst/fifo_copro_v1_0_S00_AXI_inst/w_flag" won't be mapped to RAM because address size (32) is larger than maximum supported(25)
INFO: [Synth 8-5545] ROM "inst/fifo_copro_v1_0_S00_AXI_inst/pitch_buf" won't be mapped to RAM because address size (32) is larger than maximum supported(25)
WARNING: [Synth 8-6014] Unused sequential element inst/fifo_copro_v1_0_S00_AXI_inst/t_counter_reg was removed.  [/home/seungwoo/Downloads/qos2/qos.srcs/sources_1/bd/design_1/ipshared/d62f/hdl/fifo_copro_v1_0_S00_AXI.v:447]
INFO: [Synth 8-3333] propagating constant 0 across sequential element (\inst/fifo_copro_v1_0_S00_AXI_inst/r_flag_reg )
INFO: [Synth 8-3333] propagating constant 0 across sequential element (\inst/fifo_copro_v1_0_S00_AXI_inst/reset_flag_reg )
INFO: [Synth 8-3886] merging instance 'inst/fifo_copro_v1_0_S00_AXI_inst/axi_rresp_reg[0]' (FDRE) to 'inst/fifo_copro_v1_0_S00_AXI_inst/axi_rresp_reg[1]'
INFO: [Synth 8-3333] propagating constant 0 across sequential element (\inst/fifo_copro_v1_0_S00_AXI_inst/axi_rresp_reg[1] )
INFO: [Synth 8-3886] merging instance 'inst/fifo_copro_v1_0_S00_AXI_inst/axi_bresp_reg[0]' (FDRE) to 'inst/fifo_copro_v1_0_S00_AXI_inst/axi_bresp_reg[1]'
INFO: [Synth 8-3333] propagating constant 0 across sequential element (\inst/fifo_copro_v1_0_S00_AXI_inst/axi_bresp_reg[1] )
INFO: [Synth 8-3332] Sequential element (inst/fifo_copro_v1_0_S00_AXI_inst/axi_awaddr_reg[1]) is unused and will be removed from module design_1_fifo_copro_0_1.
INFO: [Synth 8-3332] Sequential element (inst/fifo_copro_v1_0_S00_AXI_inst/axi_awaddr_reg[0]) is unused and will be removed from module design_1_fifo_copro_0_1.
INFO: [Synth 8-3332] Sequential element (inst/fifo_copro_v1_0_S00_AXI_inst/axi_bresp_reg[1]) is unused and will be removed from module design_1_fifo_copro_0_1.
INFO: [Synth 8-3332] Sequential element (inst/fifo_copro_v1_0_S00_AXI_inst/axi_araddr_reg[1]) is unused and will be removed from module design_1_fifo_copro_0_1.
INFO: [Synth 8-3332] Sequential element (inst/fifo_copro_v1_0_S00_AXI_inst/axi_araddr_reg[0]) is unused and will be removed from module design_1_fifo_copro_0_1.
INFO: [Synth 8-3332] Sequential element (inst/fifo_copro_v1_0_S00_AXI_inst/axi_rresp_reg[1]) is unused and will be removed from module design_1_fifo_copro_0_1.
INFO: [Synth 8-3332] Sequential element (inst/fifo_copro_v1_0_S00_AXI_inst/reset_flag_reg) is unused and will be removed from module design_1_fifo_copro_0_1.
INFO: [Synth 8-3332] Sequential element (inst/fifo_copro_v1_0_S00_AXI_inst/catch_buf_reg) is unused and will be removed from module design_1_fifo_copro_0_1.
INFO: [Synth 8-3332] Sequential element (inst/fifo_copro_v1_0_S00_AXI_inst/t_counter_reg[0]) is unused and will be removed from module design_1_fifo_copro_0_1.
INFO: [Synth 8-3332] Sequential element (inst/fifo_copro_v1_0_S00_AXI_inst/t_counter_reg[1]) is unused and will be removed from module design_1_fifo_copro_0_1.
INFO: [Synth 8-3332] Sequential element (inst/fifo_copro_v1_0_S00_AXI_inst/t_counter_reg[2]) is unused and will be removed from module design_1_fifo_copro_0_1.
INFO: [Synth 8-3332] Sequential element (inst/fifo_copro_v1_0_S00_AXI_inst/t_counter_reg[3]) is unused and will be removed from module design_1_fifo_copro_0_1.
INFO: [Synth 8-3332] Sequential element (inst/fifo_copro_v1_0_S00_AXI_inst/t_counter_reg[4]) is unused and will be removed from module design_1_fifo_copro_0_1.
INFO: [Synth 8-3332] Sequential element (inst/fifo_copro_v1_0_S00_AXI_inst/t_counter_reg[5]) is unused and will be removed from module design_1_fifo_copro_0_1.
INFO: [Synth 8-3332] Sequential element (inst/fifo_copro_v1_0_S00_AXI_inst/t_counter_reg[6]) is unused and will be removed from module design_1_fifo_copro_0_1.
INFO: [Synth 8-3332] Sequential element (inst/fifo_copro_v1_0_S00_AXI_inst/t_counter_reg[7]) is unused and will be removed from module design_1_fifo_copro_0_1.
INFO: [Synth 8-3332] Sequential element (inst/fifo_copro_v1_0_S00_AXI_inst/t_counter_reg[8]) is unused and will be removed from module design_1_fifo_copro_0_1.
INFO: [Synth 8-3332] Sequential element (inst/fifo_copro_v1_0_S00_AXI_inst/t_counter_reg[9]) is unused and will be removed from module design_1_fifo_copro_0_1.
INFO: [Synth 8-3332] Sequential element (inst/fifo_copro_v1_0_S00_AXI_inst/t_counter_reg[10]) is unused and will be removed from module design_1_fifo_copro_0_1.
INFO: [Synth 8-3332] Sequential element (inst/fifo_copro_v1_0_S00_AXI_inst/t_counter_reg[11]) is unused and will be removed from module design_1_fifo_copro_0_1.
INFO: [Synth 8-3332] Sequential element (inst/fifo_copro_v1_0_S00_AXI_inst/t_counter_reg[12]) is unused and will be removed from module design_1_fifo_copro_0_1.
INFO: [Synth 8-3332] Sequential element (inst/fifo_copro_v1_0_S00_AXI_inst/t_counter_reg[13]) is unused and will be removed from module design_1_fifo_copro_0_1.
INFO: [Synth 8-3332] Sequential element (inst/fifo_copro_v1_0_S00_AXI_inst/t_counter_reg[14]) is unused and will be removed from module design_1_fifo_copro_0_1.
INFO: [Synth 8-3332] Sequential element (inst/fifo_copro_v1_0_S00_AXI_inst/t_counter_reg[15]) is unused and will be removed from module design_1_fifo_copro_0_1.
INFO: [Synth 8-3332] Sequential element (inst/fifo_copro_v1_0_S00_AXI_inst/t_counter_reg[16]) is unused and will be removed from module design_1_fifo_copro_0_1.
INFO: [Synth 8-3332] Sequential element (inst/fifo_copro_v1_0_S00_AXI_inst/t_counter_reg[17]) is unused and will be removed from module design_1_fifo_copro_0_1.
INFO: [Synth 8-3332] Sequential element (inst/fifo_copro_v1_0_S00_AXI_inst/t_counter_reg[18]) is unused and will be removed from module design_1_fifo_copro_0_1.
INFO: [Synth 8-3332] Sequential element (inst/fifo_copro_v1_0_S00_AXI_inst/t_counter_reg[19]) is unused and will be removed from module design_1_fifo_copro_0_1.
INFO: [Synth 8-3332] Sequential element (inst/fifo_copro_v1_0_S00_AXI_inst/t_counter_reg[20]) is unused and will be removed from module design_1_fifo_copro_0_1.
INFO: [Synth 8-3332] Sequential element (inst/fifo_copro_v1_0_S00_AXI_inst/t_counter_reg[21]) is unused and will be removed from module design_1_fifo_copro_0_1.
INFO: [Synth 8-3332] Sequential element (inst/fifo_copro_v1_0_S00_AXI_inst/t_counter_reg[22]) is unused and will be removed from module design_1_fifo_copro_0_1.
INFO: [Synth 8-3332] Sequential element (inst/fifo_copro_v1_0_S00_AXI_inst/t_counter_reg[23]) is unused and will be removed from module design_1_fifo_copro_0_1.
INFO: [Synth 8-3332] Sequential element (inst/fifo_copro_v1_0_S00_AXI_inst/t_counter_reg[24]) is unused and will be removed from module design_1_fifo_copro_0_1.
INFO: [Synth 8-3332] Sequential element (inst/fifo_copro_v1_0_S00_AXI_inst/t_counter_reg[25]) is unused and will be removed from module design_1_fifo_copro_0_1.
INFO: [Synth 8-3332] Sequential element (inst/fifo_copro_v1_0_S00_AXI_inst/t_counter_reg[26]) is unused and will be removed from module design_1_fifo_copro_0_1.
INFO: [Synth 8-3332] Sequential element (inst/fifo_copro_v1_0_S00_AXI_inst/t_counter_reg[27]) is unused and will be removed from module design_1_fifo_copro_0_1.
INFO: [Synth 8-3332] Sequential element (inst/fifo_copro_v1_0_S00_AXI_inst/t_counter_reg[28]) is unused and will be removed from module design_1_fifo_copro_0_1.
INFO: [Synth 8-3332] Sequential element (inst/fifo_copro_v1_0_S00_AXI_inst/t_counter_reg[29]) is unused and will be removed from module design_1_fifo_copro_0_1.
INFO: [Synth 8-3332] Sequential element (inst/fifo_copro_v1_0_S00_AXI_inst/r_flag_reg) is unused and will be removed from module design_1_fifo_copro_0_1.
---------------------------------------------------------------------------------
Finished Cross Boundary and Area Optimization : Time (s): cpu = 00:01:26 ; elapsed = 00:01:45 . Memory (MB): peak = 1642.453 ; gain = 457.461 ; free physical = 1189 ; free virtual = 7617
---------------------------------------------------------------------------------

Report RTL Partitions: 
+-+--------------+------------+----------+
| |RTL Partition |Replication |Instances |
+-+--------------+------------+----------+
+-+--------------+------------+----------+
---------------------------------------------------------------------------------
Start Applying XDC Timing Constraints
---------------------------------------------------------------------------------
---------------------------------------------------------------------------------
Finished Applying XDC Timing Constraints : Time (s): cpu = 00:01:31 ; elapsed = 00:01:52 . Memory (MB): peak = 1642.453 ; gain = 457.461 ; free physical = 1048 ; free virtual = 7471
---------------------------------------------------------------------------------
---------------------------------------------------------------------------------
Start Timing Optimization
---------------------------------------------------------------------------------
---------------------------------------------------------------------------------
Finished Timing Optimization : Time (s): cpu = 00:01:31 ; elapsed = 00:01:52 . Memory (MB): peak = 1642.453 ; gain = 457.461 ; free physical = 1048 ; free virtual = 7471
---------------------------------------------------------------------------------

Report RTL Partitions: 
+-+--------------+------------+----------+
| |RTL Partition |Replication |Instances |
+-+--------------+------------+----------+
+-+--------------+------------+----------+
---------------------------------------------------------------------------------
Start Technology Mapping
---------------------------------------------------------------------------------
---------------------------------------------------------------------------------
Finished Technology Mapping : Time (s): cpu = 00:01:31 ; elapsed = 00:01:52 . Memory (MB): peak = 1659.477 ; gain = 474.484 ; free physical = 1048 ; free virtual = 7468
---------------------------------------------------------------------------------

Report RTL Partitions: 
+-+--------------+------------+----------+
| |RTL Partition |Replication |Instances |
+-+--------------+------------+----------+
+-+--------------+------------+----------+
---------------------------------------------------------------------------------
Start IO Insertion
---------------------------------------------------------------------------------
---------------------------------------------------------------------------------
Start Flattening Before IO Insertion
---------------------------------------------------------------------------------
---------------------------------------------------------------------------------
Finished Flattening Before IO Insertion
---------------------------------------------------------------------------------
---------------------------------------------------------------------------------
Start Final Netlist Cleanup
---------------------------------------------------------------------------------
---------------------------------------------------------------------------------
Finished Final Netlist Cleanup
---------------------------------------------------------------------------------
---------------------------------------------------------------------------------
Finished IO Insertion : Time (s): cpu = 00:01:32 ; elapsed = 00:01:53 . Memory (MB): peak = 1659.477 ; gain = 474.484 ; free physical = 1037 ; free virtual = 7458
---------------------------------------------------------------------------------
CRITICAL WARNING: [Synth 8-3352] multi-driven net inst_fifo_gen/gconvfifo.rf/grf.rf/gntv_or_sync_fifo.gl0.wr/gwss.wsts/ram_full_i_reg_n_0 with 2nd driver pin 'GND' [/home/seungwoo/Downloads/qos2/qos.srcs/sources_1/bd/design_1/ipshared/d62f/hdl/fifo_copro_v1_0_S00_AXI.v:433]

Report Check Netlist: 
+------+------------------+-------+---------+-------+------------------+
|      |Item              |Errors |Warnings |Status |Description       |
+------+------------------+-------+---------+-------+------------------+
|1     |multi_driven_nets |      0|        1|Failed |Multi driven nets |
+------+------------------+-------+---------+-------+------------------+
---------------------------------------------------------------------------------
Start Renaming Generated Instances
---------------------------------------------------------------------------------
---------------------------------------------------------------------------------
Finished Renaming Generated Instances : Time (s): cpu = 00:01:32 ; elapsed = 00:01:53 . Memory (MB): peak = 1659.477 ; gain = 474.484 ; free physical = 1037 ; free virtual = 7458
---------------------------------------------------------------------------------

Report RTL Partitions: 
+-+--------------+------------+----------+
| |RTL Partition |Replication |Instances |
+-+--------------+------------+----------+
+-+--------------+------------+----------+
---------------------------------------------------------------------------------
Start Rebuilding User Hierarchy
---------------------------------------------------------------------------------
---------------------------------------------------------------------------------
Finished Rebuilding User Hierarchy : Time (s): cpu = 00:01:32 ; elapsed = 00:01:53 . Memory (MB): peak = 1659.477 ; gain = 474.484 ; free physical = 1037 ; free virtual = 7458
---------------------------------------------------------------------------------
---------------------------------------------------------------------------------
Start Renaming Generated Ports
---------------------------------------------------------------------------------
---------------------------------------------------------------------------------
Finished Renaming Generated Ports : Time (s): cpu = 00:01:32 ; elapsed = 00:01:53 . Memory (MB): peak = 1659.477 ; gain = 474.484 ; free physical = 1037 ; free virtual = 7458
---------------------------------------------------------------------------------
---------------------------------------------------------------------------------
Start Handling Custom Attributes
---------------------------------------------------------------------------------
---------------------------------------------------------------------------------
Finished Handling Custom Attributes : Time (s): cpu = 00:01:32 ; elapsed = 00:01:53 . Memory (MB): peak = 1659.477 ; gain = 474.484 ; free physical = 1037 ; free virtual = 7458
---------------------------------------------------------------------------------
---------------------------------------------------------------------------------
Start Renaming Generated Nets
---------------------------------------------------------------------------------
---------------------------------------------------------------------------------
Finished Renaming Generated Nets : Time (s): cpu = 00:01:32 ; elapsed = 00:01:53 . Memory (MB): peak = 1659.477 ; gain = 474.484 ; free physical = 1037 ; free virtual = 7458
---------------------------------------------------------------------------------
---------------------------------------------------------------------------------
Start Writing Synthesis Report
---------------------------------------------------------------------------------

Report BlackBoxes: 
+-+--------------+----------+
| |BlackBox name |Instances |
+-+--------------+----------+
+-+--------------+----------+

Report Cell Usage: 
+------+---------+------+
|      |Cell     |Count |
+------+---------+------+
|1     |CARRY4   |     3|
|2     |LUT1     |     5|
|3     |LUT2     |     7|
|4     |LUT3     |    17|
|5     |LUT4     |    47|
|6     |LUT5     |    41|
|7     |LUT6     |    14|
|8     |MUXCY    |    20|
|9     |RAMB36E1 |     1|
|10    |FDRE     |   214|
|11    |FDSE     |    10|
+------+---------+------+

Report Instance Areas: 
+------+-------------------------------------------------------------+-----------------------------+------+
|      |Instance                                                     |Module                       |Cells |
+------+-------------------------------------------------------------+-----------------------------+------+
|1     |top                                                          |                             |   379|
|2     |  inst                                                       |fifo_copro_v1_0              |   379|
|3     |    fifo_copro_v1_0_S00_AXI_inst                             |fifo_copro_v1_0_S00_AXI      |   379|
|4     |      fifo_generator_0_inst                                  |fifo_generator_0             |   160|
|5     |        U0                                                   |fifo_generator_v13_2_0       |   160|
|6     |          inst_fifo_gen                                      |fifo_generator_v13_2_0_synth |   160|
|7     |            \gconvfifo.rf                                    |fifo_generator_top           |   160|
|8     |              \grf.rf                                        |fifo_generator_ramfifo       |   160|
|9     |                \gntv_or_sync_fifo.gl0.rd                    |rd_logic                     |    60|
|10    |                  \gr1.gr1_int.rfwft                         |rd_fwft                      |    16|
|11    |                  \grss.rsts                                 |rd_status_flags_ss           |    13|
|12    |                    c1                                       |compare_1                    |     6|
|13    |                    c2                                       |compare_2                    |     5|
|14    |                  rpntr                                      |rd_bin_cntr                  |    31|
|15    |                \gntv_or_sync_fifo.gl0.wr                    |wr_logic                     |    67|
|16    |                  \gwss.wsts                                 |wr_status_flags_ss           |    16|
|17    |                    c0                                       |compare                      |     6|
|18    |                    c1                                       |compare_0                    |     5|
|19    |                  wpntr                                      |wr_bin_cntr                  |    51|
|20    |                \gntv_or_sync_fifo.mem                       |memory                       |    33|
|21    |                  \gbm.gbmg.gbmga.ngecc.bmg                  |blk_mem_gen_v8_4_0           |     1|
|22    |                    inst_blk_mem_gen                         |blk_mem_gen_v8_4_0_synth     |     1|
|23    |                      \gnbram.gnativebmg.native_blk_mem_gen  |blk_mem_gen_top              |     1|
|24    |                        \valid.cstr                          |blk_mem_gen_generic_cstr     |     1|
|25    |                          \ramloop[0].ram.r                  |blk_mem_gen_prim_width       |     1|
|26    |                            \prim_noinit.ram                 |blk_mem_gen_prim_wrapper     |     1|
+------+-------------------------------------------------------------+-----------------------------+------+
---------------------------------------------------------------------------------
Finished Writing Synthesis Report : Time (s): cpu = 00:01:32 ; elapsed = 00:01:53 . Memory (MB): peak = 1659.477 ; gain = 474.484 ; free physical = 1037 ; free virtual = 7458
---------------------------------------------------------------------------------
Synthesis finished with 0 errors, 1 critical warnings and 483 warnings.
Synthesis Optimization Runtime : Time (s): cpu = 00:01:23 ; elapsed = 00:01:35 . Memory (MB): peak = 1659.477 ; gain = 318.453 ; free physical = 1095 ; free virtual = 7514
Synthesis Optimization Complete : Time (s): cpu = 00:01:32 ; elapsed = 00:01:53 . Memory (MB): peak = 1659.484 ; gain = 474.484 ; free physical = 1095 ; free virtual = 7514
INFO: [Project 1-571] Translating synthesized netlist
INFO: [Netlist 29-17] Analyzing 24 Unisim elements for replacement
INFO: [Netlist 29-28] Unisim Transformation completed in 0 CPU seconds
INFO: [Project 1-570] Preparing netlist for logic optimization
INFO: [Opt 31-138] Pushed 0 inverter(s) to 0 load pin(s).
INFO: [Project 1-111] Unisim Transformation Summary:
  A total of 8 instances were transformed.
  (MUXCY,XORCY) => CARRY4: 8 instances

INFO: [Common 17-83] Releasing license: Synthesis
78 Infos, 207 Warnings, 1 Critical Warnings and 0 Errors encountered.
synth_design completed successfully
synth_design: Time (s): cpu = 00:01:33 ; elapsed = 00:01:53 . Memory (MB): peak = 1675.484 ; gain = 515.316 ; free physical = 1085 ; free virtual = 7504
INFO: [Common 17-1381] The checkpoint '/home/seungwoo/qos2/qos2/vivado/qos.runs/design_1_fifo_copro_0_1_synth_1/design_1_fifo_copro_0_1.dcp' has been generated.
INFO: [Coretcl 2-1174] Renamed 25 cell refs.
INFO: [Common 17-1381] The checkpoint '/home/seungwoo/qos2/qos2/vivado/qos.runs/design_1_fifo_copro_0_1_synth_1/design_1_fifo_copro_0_1.dcp' has been generated.
INFO: [runtcl-4] Executing : report_utilization -file design_1_fifo_copro_0_1_utilization_synth.rpt -pb design_1_fifo_copro_0_1_utilization_synth.pb
report_utilization: Time (s): cpu = 00:00:00.04 ; elapsed = 00:00:00.07 . Memory (MB): peak = 1699.496 ; gain = 0.000 ; free physical = 1084 ; free virtual = 7504
ERROR: [runtcl-3] ERROR: Unable to successfully create or copy the sub-design checkpoint file.
ERROR: [Common 17-39] 'send_msg_id' failed due to earlier errors.

    while executing
"send_msg_id runtcl-3 error "ERROR: Unable to successfully create or copy the sub-design checkpoint file.""
    invoked from within
"if { $cached_ip eq {} } {

synth_design -top design_1_fifo_copro_0_1 -part xc7z020clg400-1 -mode out_of_context

#------------------------------------..."
    (file "design_1_fifo_copro_0_1.tcl" line 56)
INFO: [Common 17-206] Exiting Vivado at Sat Dec 19 19:05:42 2020...
