
*** Running vivado
    with args -log design_1_coproc_0_2.vds -m64 -product Vivado -mode batch -messageDb vivado.pb -notrace -source design_1_coproc_0_2.tcl


****** Vivado v2017.3 (64-bit)
  **** SW Build 2018833 on Wed Oct  4 19:58:07 MDT 2017
  **** IP Build 2016188 on Wed Oct  4 21:52:56 MDT 2017
    ** Copyright 1986-2017 Xilinx, Inc. All Rights Reserved.

source design_1_coproc_0_2.tcl -notrace
Command: synth_design -top design_1_coproc_0_2 -part xc7z020clg400-1 -mode out_of_context
Starting synth_design
Attempting to get a license for feature 'Synthesis' and/or device 'xc7z020'
INFO: [Common 17-349] Got license for feature 'Synthesis' and/or device 'xc7z020'
INFO: Launching helper process for spawning children vivado processes
INFO: Helper process launched with PID 455497 
---------------------------------------------------------------------------------
Starting RTL Elaboration : Time (s): cpu = 00:00:06 ; elapsed = 00:00:06 . Memory (MB): peak = 1267.992 ; gain = 84.000 ; free physical = 1401 ; free virtual = 9142
---------------------------------------------------------------------------------
INFO: [Synth 8-638] synthesizing module 'design_1_coproc_0_2' [/home/seungwoo/Downloads/qos2/qos.srcs/sources_1/bd/design_1/ip/design_1_coproc_0_2/synth/design_1_coproc_0_2.v:57]
INFO: [Synth 8-638] synthesizing module 'coproc_v1_0' [/home/seungwoo/Downloads/qos2/qos.srcs/sources_1/bd/design_1/ipshared/ebd8/hdl/coproc_v1_0.v:4]
	Parameter C_S00_AXI_DATA_WIDTH bound to: 32 - type: integer 
	Parameter C_S00_AXI_ADDR_WIDTH bound to: 4 - type: integer 
INFO: [Synth 8-638] synthesizing module 'coproc_v1_0_S00_AXI' [/home/seungwoo/Downloads/qos2/qos.srcs/sources_1/bd/design_1/ipshared/ebd8/hdl/coproc_v1_0_S00_AXI.v:4]
	Parameter C_S_AXI_DATA_WIDTH bound to: 32 - type: integer 
	Parameter C_S_AXI_ADDR_WIDTH bound to: 4 - type: integer 
	Parameter ADDR_LSB bound to: 2 - type: integer 
	Parameter OPT_MEM_ADDR_BITS bound to: 1 - type: integer 
INFO: [Synth 8-226] default block is never used [/home/seungwoo/Downloads/qos2/qos.srcs/sources_1/bd/design_1/ipshared/ebd8/hdl/coproc_v1_0_S00_AXI.v:233]
INFO: [Synth 8-226] default block is never used [/home/seungwoo/Downloads/qos2/qos.srcs/sources_1/bd/design_1/ipshared/ebd8/hdl/coproc_v1_0_S00_AXI.v:374]
WARNING: [Synth 8-6014] Unused sequential element alone_flag_reg was removed.  [/home/seungwoo/Downloads/qos2/qos.srcs/sources_1/bd/design_1/ipshared/ebd8/hdl/coproc_v1_0_S00_AXI.v:444]
INFO: [Synth 8-256] done synthesizing module 'coproc_v1_0_S00_AXI' (1#1) [/home/seungwoo/Downloads/qos2/qos.srcs/sources_1/bd/design_1/ipshared/ebd8/hdl/coproc_v1_0_S00_AXI.v:4]
INFO: [Synth 8-256] done synthesizing module 'coproc_v1_0' (2#1) [/home/seungwoo/Downloads/qos2/qos.srcs/sources_1/bd/design_1/ipshared/ebd8/hdl/coproc_v1_0.v:4]
INFO: [Synth 8-256] done synthesizing module 'design_1_coproc_0_2' (3#1) [/home/seungwoo/Downloads/qos2/qos.srcs/sources_1/bd/design_1/ip/design_1_coproc_0_2/synth/design_1_coproc_0_2.v:57]
WARNING: [Synth 8-3331] design coproc_v1_0_S00_AXI has unconnected port S_AXI_AWPROT[2]
WARNING: [Synth 8-3331] design coproc_v1_0_S00_AXI has unconnected port S_AXI_AWPROT[1]
WARNING: [Synth 8-3331] design coproc_v1_0_S00_AXI has unconnected port S_AXI_AWPROT[0]
WARNING: [Synth 8-3331] design coproc_v1_0_S00_AXI has unconnected port S_AXI_ARPROT[2]
WARNING: [Synth 8-3331] design coproc_v1_0_S00_AXI has unconnected port S_AXI_ARPROT[1]
WARNING: [Synth 8-3331] design coproc_v1_0_S00_AXI has unconnected port S_AXI_ARPROT[0]
---------------------------------------------------------------------------------
Finished RTL Elaboration : Time (s): cpu = 00:00:07 ; elapsed = 00:00:07 . Memory (MB): peak = 1322.523 ; gain = 138.531 ; free physical = 1400 ; free virtual = 9140
---------------------------------------------------------------------------------

Report Check Netlist: 
+------+------------------+-------+---------+-------+------------------+
|      |Item              |Errors |Warnings |Status |Description       |
+------+------------------+-------+---------+-------+------------------+
|1     |multi_driven_nets |      0|        0|Passed |Multi driven nets |
+------+------------------+-------+---------+-------+------------------+
---------------------------------------------------------------------------------
Finished RTL Optimization Phase 1 : Time (s): cpu = 00:00:07 ; elapsed = 00:00:08 . Memory (MB): peak = 1322.523 ; gain = 138.531 ; free physical = 1406 ; free virtual = 9143
---------------------------------------------------------------------------------
INFO: [Device 21-403] Loading part xc7z020clg400-1
INFO: [Project 1-570] Preparing netlist for logic optimization

Processing XDC Constraints
Initializing timing engine
Completed Processing XDC Constraints

INFO: [Project 1-111] Unisim Transformation Summary:
No Unisim elements were transformed.

Constraint Validation Runtime : Time (s): cpu = 00:00:00.15 ; elapsed = 00:00:00.03 . Memory (MB): peak = 1690.531 ; gain = 4.000 ; free physical = 1120 ; free virtual = 8858
---------------------------------------------------------------------------------
Finished Constraint Validation : Time (s): cpu = 00:00:21 ; elapsed = 00:00:31 . Memory (MB): peak = 1690.531 ; gain = 506.539 ; free physical = 1245 ; free virtual = 8983
---------------------------------------------------------------------------------
---------------------------------------------------------------------------------
Start Loading Part and Timing Information
---------------------------------------------------------------------------------
Loading part: xc7z020clg400-1
---------------------------------------------------------------------------------
Finished Loading Part and Timing Information : Time (s): cpu = 00:00:21 ; elapsed = 00:00:31 . Memory (MB): peak = 1690.531 ; gain = 506.539 ; free physical = 1245 ; free virtual = 8983
---------------------------------------------------------------------------------
---------------------------------------------------------------------------------
Start Applying 'set_property' XDC Constraints
---------------------------------------------------------------------------------
---------------------------------------------------------------------------------
Finished applying 'set_property' XDC Constraints : Time (s): cpu = 00:00:21 ; elapsed = 00:00:31 . Memory (MB): peak = 1690.531 ; gain = 506.539 ; free physical = 1247 ; free virtual = 8985
---------------------------------------------------------------------------------
INFO: [Synth 8-5545] ROM "slv_reg0_buf" won't be mapped to RAM because address size (32) is larger than maximum supported(25)
INFO: [Synth 8-5545] ROM "pitch_buf" won't be mapped to RAM because address size (32) is larger than maximum supported(25)
WARNING: [Synth 8-6014] Unused sequential element t_counter_reg was removed.  [/home/seungwoo/Downloads/qos2/qos.srcs/sources_1/bd/design_1/ipshared/ebd8/hdl/coproc_v1_0_S00_AXI.v:433]
WARNING: [Synth 8-6014] Unused sequential element w_counter_reg was removed.  [/home/seungwoo/Downloads/qos2/qos.srcs/sources_1/bd/design_1/ipshared/ebd8/hdl/coproc_v1_0_S00_AXI.v:435]
---------------------------------------------------------------------------------
Finished RTL Optimization Phase 2 : Time (s): cpu = 00:00:24 ; elapsed = 00:00:34 . Memory (MB): peak = 1690.531 ; gain = 506.539 ; free physical = 1225 ; free virtual = 8964
---------------------------------------------------------------------------------

Report RTL Partitions: 
+-+--------------+------------+----------+
| |RTL Partition |Replication |Instances |
+-+--------------+------------+----------+
+-+--------------+------------+----------+
---------------------------------------------------------------------------------
Start RTL Component Statistics 
---------------------------------------------------------------------------------
Detailed RTL Component Info : 
+---Adders : 
	   2 Input      7 Bit       Adders := 2     
+---Registers : 
	               32 Bit    Registers := 132   
	                7 Bit    Registers := 2     
	                4 Bit    Registers := 2     
	                3 Bit    Registers := 1     
	                2 Bit    Registers := 2     
	                1 Bit    Registers := 8     
+---Muxes : 
	   2 Input     32 Bit        Muxes := 260   
	   4 Input     32 Bit        Muxes := 5     
	   2 Input      7 Bit        Muxes := 3     
	   2 Input      2 Bit        Muxes := 1     
	   2 Input      1 Bit        Muxes := 267   
	   3 Input      1 Bit        Muxes := 1     
---------------------------------------------------------------------------------
Finished RTL Component Statistics 
---------------------------------------------------------------------------------
---------------------------------------------------------------------------------
Start RTL Hierarchical Component Statistics 
---------------------------------------------------------------------------------
Hierarchical RTL Component report 
Module coproc_v1_0_S00_AXI 
Detailed RTL Component Info : 
+---Adders : 
	   2 Input      7 Bit       Adders := 2     
+---Registers : 
	               32 Bit    Registers := 132   
	                7 Bit    Registers := 2     
	                4 Bit    Registers := 2     
	                3 Bit    Registers := 1     
	                2 Bit    Registers := 2     
	                1 Bit    Registers := 8     
+---Muxes : 
	   2 Input     32 Bit        Muxes := 260   
	   4 Input     32 Bit        Muxes := 5     
	   2 Input      7 Bit        Muxes := 3     
	   2 Input      2 Bit        Muxes := 1     
	   2 Input      1 Bit        Muxes := 267   
	   3 Input      1 Bit        Muxes := 1     
---------------------------------------------------------------------------------
Finished RTL Hierarchical Component Statistics
---------------------------------------------------------------------------------
---------------------------------------------------------------------------------
Start Part Resource Summary
---------------------------------------------------------------------------------
Part Resources:
DSPs: 220 (col length:60)
BRAMs: 280 (col length: RAMB18 60 RAMB36 30)
---------------------------------------------------------------------------------
Finished Part Resource Summary
---------------------------------------------------------------------------------
---------------------------------------------------------------------------------
Start Cross Boundary and Area Optimization
---------------------------------------------------------------------------------
INFO: [Synth 8-5545] ROM "slv_reg0_buf" won't be mapped to RAM because address size (32) is larger than maximum supported(25)
INFO: [Synth 8-5545] ROM "pitch_buf" won't be mapped to RAM because address size (32) is larger than maximum supported(25)
WARNING: [Synth 8-6014] Unused sequential element w_counter_reg was removed.  [/home/seungwoo/Downloads/qos2/qos.srcs/sources_1/bd/design_1/ipshared/ebd8/hdl/coproc_v1_0_S00_AXI.v:435]
WARNING: [Synth 8-6014] Unused sequential element t_counter_reg was removed.  [/home/seungwoo/Downloads/qos2/qos.srcs/sources_1/bd/design_1/ipshared/ebd8/hdl/coproc_v1_0_S00_AXI.v:433]
WARNING: [Synth 8-3331] design coproc_v1_0_S00_AXI has unconnected port S_AXI_AWPROT[2]
WARNING: [Synth 8-3331] design coproc_v1_0_S00_AXI has unconnected port S_AXI_AWPROT[1]
WARNING: [Synth 8-3331] design coproc_v1_0_S00_AXI has unconnected port S_AXI_AWPROT[0]
WARNING: [Synth 8-3331] design coproc_v1_0_S00_AXI has unconnected port S_AXI_ARPROT[2]
WARNING: [Synth 8-3331] design coproc_v1_0_S00_AXI has unconnected port S_AXI_ARPROT[1]
WARNING: [Synth 8-3331] design coproc_v1_0_S00_AXI has unconnected port S_AXI_ARPROT[0]
WARNING: [Synth 8-3332] Sequential element (axi_araddr_reg[1]) is unused and will be removed from module coproc_v1_0_S00_AXI.
WARNING: [Synth 8-3332] Sequential element (axi_araddr_reg[0]) is unused and will be removed from module coproc_v1_0_S00_AXI.
WARNING: [Synth 8-3332] Sequential element (axi_awaddr_reg[1]) is unused and will be removed from module coproc_v1_0_S00_AXI.
WARNING: [Synth 8-3332] Sequential element (axi_awaddr_reg[0]) is unused and will be removed from module coproc_v1_0_S00_AXI.
INFO: [Synth 8-3886] merging instance 'inst/coproc_v1_0_S00_AXI_inst/axi_rresp_reg[0]' (FDRE) to 'inst/coproc_v1_0_S00_AXI_inst/axi_rresp_reg[1]'
INFO: [Synth 8-3333] propagating constant 0 across sequential element (\inst/coproc_v1_0_S00_AXI_inst /\axi_rresp_reg[1] )
INFO: [Synth 8-3886] merging instance 'inst/coproc_v1_0_S00_AXI_inst/axi_bresp_reg[0]' (FDRE) to 'inst/coproc_v1_0_S00_AXI_inst/axi_bresp_reg[1]'
INFO: [Synth 8-3333] propagating constant 0 across sequential element (\inst/coproc_v1_0_S00_AXI_inst /\axi_bresp_reg[1] )
WARNING: [Synth 8-3332] Sequential element (axi_bresp_reg[1]) is unused and will be removed from module coproc_v1_0_S00_AXI.
WARNING: [Synth 8-3332] Sequential element (axi_rresp_reg[1]) is unused and will be removed from module coproc_v1_0_S00_AXI.
---------------------------------------------------------------------------------
Finished Cross Boundary and Area Optimization : Time (s): cpu = 00:00:35 ; elapsed = 00:00:46 . Memory (MB): peak = 1743.523 ; gain = 559.531 ; free physical = 1149 ; free virtual = 8887
---------------------------------------------------------------------------------

Report RTL Partitions: 
+-+--------------+------------+----------+
| |RTL Partition |Replication |Instances |
+-+--------------+------------+----------+
+-+--------------+------------+----------+
---------------------------------------------------------------------------------
Start Applying XDC Timing Constraints
---------------------------------------------------------------------------------
---------------------------------------------------------------------------------
Finished Applying XDC Timing Constraints : Time (s): cpu = 00:00:40 ; elapsed = 00:00:53 . Memory (MB): peak = 1743.523 ; gain = 559.531 ; free physical = 1027 ; free virtual = 8764
---------------------------------------------------------------------------------
---------------------------------------------------------------------------------
Start Timing Optimization
---------------------------------------------------------------------------------
---------------------------------------------------------------------------------
Finished Timing Optimization : Time (s): cpu = 00:00:41 ; elapsed = 00:00:53 . Memory (MB): peak = 1743.523 ; gain = 559.531 ; free physical = 1023 ; free virtual = 8760
---------------------------------------------------------------------------------

Report RTL Partitions: 
+-+--------------+------------+----------+
| |RTL Partition |Replication |Instances |
+-+--------------+------------+----------+
+-+--------------+------------+----------+
---------------------------------------------------------------------------------
Start Technology Mapping
---------------------------------------------------------------------------------
---------------------------------------------------------------------------------
Finished Technology Mapping : Time (s): cpu = 00:00:44 ; elapsed = 00:00:56 . Memory (MB): peak = 1777.547 ; gain = 593.555 ; free physical = 1016 ; free virtual = 8753
---------------------------------------------------------------------------------

Report RTL Partitions: 
+-+--------------+------------+----------+
| |RTL Partition |Replication |Instances |
+-+--------------+------------+----------+
+-+--------------+------------+----------+
---------------------------------------------------------------------------------
Start IO Insertion
---------------------------------------------------------------------------------
---------------------------------------------------------------------------------
Start Flattening Before IO Insertion
---------------------------------------------------------------------------------
---------------------------------------------------------------------------------
Finished Flattening Before IO Insertion
---------------------------------------------------------------------------------
---------------------------------------------------------------------------------
Start Final Netlist Cleanup
---------------------------------------------------------------------------------
---------------------------------------------------------------------------------
Finished Final Netlist Cleanup
---------------------------------------------------------------------------------
---------------------------------------------------------------------------------
Finished IO Insertion : Time (s): cpu = 00:00:47 ; elapsed = 00:01:00 . Memory (MB): peak = 1777.547 ; gain = 593.555 ; free physical = 1012 ; free virtual = 8751
---------------------------------------------------------------------------------

Report Check Netlist: 
+------+------------------+-------+---------+-------+------------------+
|      |Item              |Errors |Warnings |Status |Description       |
+------+------------------+-------+---------+-------+------------------+
|1     |multi_driven_nets |      0|        0|Passed |Multi driven nets |
+------+------------------+-------+---------+-------+------------------+
---------------------------------------------------------------------------------
Start Renaming Generated Instances
---------------------------------------------------------------------------------
---------------------------------------------------------------------------------
Finished Renaming Generated Instances : Time (s): cpu = 00:00:47 ; elapsed = 00:01:00 . Memory (MB): peak = 1777.547 ; gain = 593.555 ; free physical = 1012 ; free virtual = 8751
---------------------------------------------------------------------------------

Report RTL Partitions: 
+-+--------------+------------+----------+
| |RTL Partition |Replication |Instances |
+-+--------------+------------+----------+
+-+--------------+------------+----------+
---------------------------------------------------------------------------------
Start Rebuilding User Hierarchy
---------------------------------------------------------------------------------
---------------------------------------------------------------------------------
Finished Rebuilding User Hierarchy : Time (s): cpu = 00:00:47 ; elapsed = 00:01:00 . Memory (MB): peak = 1777.547 ; gain = 593.555 ; free physical = 1012 ; free virtual = 8750
---------------------------------------------------------------------------------
---------------------------------------------------------------------------------
Start Renaming Generated Ports
---------------------------------------------------------------------------------
---------------------------------------------------------------------------------
Finished Renaming Generated Ports : Time (s): cpu = 00:00:47 ; elapsed = 00:01:00 . Memory (MB): peak = 1777.547 ; gain = 593.555 ; free physical = 1012 ; free virtual = 8750
---------------------------------------------------------------------------------
---------------------------------------------------------------------------------
Start Handling Custom Attributes
---------------------------------------------------------------------------------
---------------------------------------------------------------------------------
Finished Handling Custom Attributes : Time (s): cpu = 00:00:50 ; elapsed = 00:01:03 . Memory (MB): peak = 1777.547 ; gain = 593.555 ; free physical = 1012 ; free virtual = 8749
---------------------------------------------------------------------------------
---------------------------------------------------------------------------------
Start Renaming Generated Nets
---------------------------------------------------------------------------------
---------------------------------------------------------------------------------
Finished Renaming Generated Nets : Time (s): cpu = 00:00:50 ; elapsed = 00:01:03 . Memory (MB): peak = 1777.547 ; gain = 593.555 ; free physical = 1012 ; free virtual = 8749
---------------------------------------------------------------------------------
---------------------------------------------------------------------------------
Start Writing Synthesis Report
---------------------------------------------------------------------------------

Report BlackBoxes: 
+-+--------------+----------+
| |BlackBox name |Instances |
+-+--------------+----------+
+-+--------------+----------+

Report Cell Usage: 
+------+-------+------+
|      |Cell   |Count |
+------+-------+------+
|1     |CARRY4 |    14|
|2     |LUT1   |    36|
|3     |LUT2   |   272|
|4     |LUT3   |    74|
|5     |LUT4   |   313|
|6     |LUT5   |  1246|
|7     |LUT6   |  5048|
|8     |MUXF7  |  1087|
|9     |MUXF8  |   512|
|10    |FDRE   |  4464|
|11    |FDSE   |     1|
+------+-------+------+

Report Instance Areas: 
+------+-----------------------------+--------------------+------+
|      |Instance                     |Module              |Cells |
+------+-----------------------------+--------------------+------+
|1     |top                          |                    | 13067|
|2     |  inst                       |coproc_v1_0         | 13067|
|3     |    coproc_v1_0_S00_AXI_inst |coproc_v1_0_S00_AXI | 13062|
+------+-----------------------------+--------------------+------+
---------------------------------------------------------------------------------
Finished Writing Synthesis Report : Time (s): cpu = 00:00:50 ; elapsed = 00:01:03 . Memory (MB): peak = 1777.547 ; gain = 593.555 ; free physical = 1012 ; free virtual = 8749
---------------------------------------------------------------------------------
Synthesis finished with 0 errors, 0 critical warnings and 16 warnings.
Synthesis Optimization Runtime : Time (s): cpu = 00:00:41 ; elapsed = 00:00:46 . Memory (MB): peak = 1777.547 ; gain = 225.547 ; free physical = 1071 ; free virtual = 8809
Synthesis Optimization Complete : Time (s): cpu = 00:00:50 ; elapsed = 00:01:03 . Memory (MB): peak = 1777.555 ; gain = 593.555 ; free physical = 1071 ; free virtual = 8809
INFO: [Project 1-571] Translating synthesized netlist
INFO: [Netlist 29-17] Analyzing 1613 Unisim elements for replacement
INFO: [Netlist 29-28] Unisim Transformation completed in 0 CPU seconds
WARNING: [Netlist 29-101] Netlist 'design_1_coproc_0_2' is not ideal for floorplanning, since the cellview 'coproc_v1_0_S00_AXI' contains a large number of primitives.  Please consider enabling hierarchy in synthesis if you want to do floorplanning.
INFO: [Project 1-570] Preparing netlist for logic optimization
INFO: [Opt 31-138] Pushed 0 inverter(s) to 0 load pin(s).
INFO: [Project 1-111] Unisim Transformation Summary:
No Unisim elements were transformed.

INFO: [Common 17-83] Releasing license: Synthesis
27 Infos, 24 Warnings, 0 Critical Warnings and 0 Errors encountered.
synth_design completed successfully
synth_design: Time (s): cpu = 00:00:52 ; elapsed = 00:01:04 . Memory (MB): peak = 1793.555 ; gain = 634.387 ; free physical = 1109 ; free virtual = 8847
INFO: [Common 17-1381] The checkpoint '/home/seungwoo/Downloads/qos2/qos.runs/design_1_coproc_0_2_synth_1/design_1_coproc_0_2.dcp' has been generated.
