
*** Running vivado
    with args -log design_1_axi_gpio_0_0.vds -m64 -product Vivado -mode batch -messageDb vivado.pb -notrace -source design_1_axi_gpio_0_0.tcl


****** Vivado v2017.3 (64-bit)
  **** SW Build 2018833 on Wed Oct  4 19:58:22 MDT 2017
  **** IP Build 2016188 on Wed Oct  4 21:52:56 MDT 2017
    ** Copyright 1986-2017 Xilinx, Inc. All Rights Reserved.

source design_1_axi_gpio_0_0.tcl -notrace
Starting RTL Elaboration : Time (s): cpu = 00:00:07 ; elapsed = 00:00:06 . Memory (MB): peak = 364.586 ; gain = 106.832
INFO: [Synth 8-638] synthesizing module 'design_1_axi_gpio_0_0' [d:/verilog/qos/qos.srcs/sources_1/bd/design_1/ip/design_1_axi_gpio_0_0/synth/design_1_axi_gpio_0_0.vhd:85]
INFO: [Synth 8-638] synthesizing module 'axi_gpio' [d:/verilog/qos/qos.srcs/sources_1/bd/design_1/ipshared/e9c1/hdl/axi_gpio_v2_0_vh_rfs.vhd:1358]
INFO: [Synth 8-638] synthesizing module 'axi_lite_ipif' [d:/verilog/qos/qos.srcs/sources_1/bd/design_1/ipshared/cced/hdl/axi_lite_ipif_v3_0_vh_rfs.vhd:2948]
INFO: [Synth 8-638] synthesizing module 'slave_attachment' [d:/verilog/qos/qos.srcs/sources_1/bd/design_1/ipshared/cced/hdl/axi_lite_ipif_v3_0_vh_rfs.vhd:2341]
INFO: [Synth 8-638] synthesizing module 'address_decoder' [d:/verilog/qos/qos.srcs/sources_1/bd/design_1/ipshared/cced/hdl/axi_lite_ipif_v3_0_vh_rfs.vhd:1775]
INFO: [Synth 8-638] synthesizing module 'pselect_f' [d:/verilog/qos/qos.srcs/sources_1/bd/design_1/ipshared/cced/hdl/axi_lite_ipif_v3_0_vh_rfs.vhd:1534]
INFO: [Synth 8-256] done synthesizing module 'pselect_f' (1#1) [d:/verilog/qos/qos.srcs/sources_1/bd/design_1/ipshared/cced/hdl/axi_lite_ipif_v3_0_vh_rfs.vhd:1534]
INFO: [Synth 8-638] synthesizing module 'pselect_f__parameterized0' [d:/verilog/qos/qos.srcs/sources_1/bd/design_1/ipshared/cced/hdl/axi_lite_ipif_v3_0_vh_rfs.vhd:1534]
INFO: [Synth 8-256] done synthesizing module 'pselect_f__parameterized0' (1#1) [d:/verilog/qos/qos.srcs/sources_1/bd/design_1/ipshared/cced/hdl/axi_lite_ipif_v3_0_vh_rfs.vhd:1534]
INFO: [Synth 8-638] synthesizing module 'pselect_f__parameterized1' [d:/verilog/qos/qos.srcs/sources_1/bd/design_1/ipshared/cced/hdl/axi_lite_ipif_v3_0_vh_rfs.vhd:1534]
INFO: [Synth 8-256] done synthesizing module 'pselect_f__parameterized1' (1#1) [d:/verilog/qos/qos.srcs/sources_1/bd/design_1/ipshared/cced/hdl/axi_lite_ipif_v3_0_vh_rfs.vhd:1534]
INFO: [Synth 8-638] synthesizing module 'pselect_f__parameterized2' [d:/verilog/qos/qos.srcs/sources_1/bd/design_1/ipshared/cced/hdl/axi_lite_ipif_v3_0_vh_rfs.vhd:1534]
INFO: [Synth 8-256] done synthesizing module 'pselect_f__parameterized2' (1#1) [d:/verilog/qos/qos.srcs/sources_1/bd/design_1/ipshared/cced/hdl/axi_lite_ipif_v3_0_vh_rfs.vhd:1534]
INFO: [Synth 8-256] done synthesizing module 'address_decoder' (2#1) [d:/verilog/qos/qos.srcs/sources_1/bd/design_1/ipshared/cced/hdl/axi_lite_ipif_v3_0_vh_rfs.vhd:1775]
INFO: [Synth 8-256] done synthesizing module 'slave_attachment' (3#1) [d:/verilog/qos/qos.srcs/sources_1/bd/design_1/ipshared/cced/hdl/axi_lite_ipif_v3_0_vh_rfs.vhd:2341]
INFO: [Synth 8-256] done synthesizing module 'axi_lite_ipif' (4#1) [d:/verilog/qos/qos.srcs/sources_1/bd/design_1/ipshared/cced/hdl/axi_lite_ipif_v3_0_vh_rfs.vhd:2948]
INFO: [Synth 8-638] synthesizing module 'GPIO_Core' [d:/verilog/qos/qos.srcs/sources_1/bd/design_1/ipshared/e9c1/hdl/axi_gpio_v2_0_vh_rfs.vhd:178]
INFO: [Synth 8-638] synthesizing module 'cdc_sync' [d:/verilog/qos/qos.srcs/sources_1/bd/design_1/ipshared/ef1e/hdl/lib_cdc_v1_0_rfs.vhd:106]
INFO: [Synth 8-256] done synthesizing module 'cdc_sync' (5#1) [d:/verilog/qos/qos.srcs/sources_1/bd/design_1/ipshared/ef1e/hdl/lib_cdc_v1_0_rfs.vhd:106]
INFO: [Synth 8-256] done synthesizing module 'GPIO_Core' (6#1) [d:/verilog/qos/qos.srcs/sources_1/bd/design_1/ipshared/e9c1/hdl/axi_gpio_v2_0_vh_rfs.vhd:178]
INFO: [Synth 8-256] done synthesizing module 'axi_gpio' (7#1) [d:/verilog/qos/qos.srcs/sources_1/bd/design_1/ipshared/e9c1/hdl/axi_gpio_v2_0_vh_rfs.vhd:1358]
INFO: [Synth 8-256] done synthesizing module 'design_1_axi_gpio_0_0' (8#1) [d:/verilog/qos/qos.srcs/sources_1/bd/design_1/ip/design_1_axi_gpio_0_0/synth/design_1_axi_gpio_0_0.vhd:85]
Finished RTL Elaboration : Time (s): cpu = 00:00:08 ; elapsed = 00:00:08 . Memory (MB): peak = 418.617 ; gain = 160.863
Finished RTL Optimization Phase 1 : Time (s): cpu = 00:00:08 ; elapsed = 00:00:08 . Memory (MB): peak = 418.617 ; gain = 160.863
INFO: [Device 21-403] Loading part xc7z020clg400-1
Constraint Validation Runtime : Time (s): cpu = 00:00:00 ; elapsed = 00:00:00.023 . Memory (MB): peak = 777.957 ; gain = 0.020
Finished Constraint Validation : Time (s): cpu = 00:00:21 ; elapsed = 00:00:23 . Memory (MB): peak = 777.957 ; gain = 520.203
Finished Loading Part and Timing Information : Time (s): cpu = 00:00:21 ; elapsed = 00:00:23 . Memory (MB): peak = 777.957 ; gain = 520.203
Finished applying 'set_property' XDC Constraints : Time (s): cpu = 00:00:21 ; elapsed = 00:00:23 . Memory (MB): peak = 777.957 ; gain = 520.203
Finished RTL Optimization Phase 2 : Time (s): cpu = 00:00:22 ; elapsed = 00:00:23 . Memory (MB): peak = 777.957 ; gain = 520.203
Finished Cross Boundary and Area Optimization : Time (s): cpu = 00:00:23 ; elapsed = 00:00:24 . Memory (MB): peak = 777.957 ; gain = 520.203
Finished Applying XDC Timing Constraints : Time (s): cpu = 00:00:34 ; elapsed = 00:00:35 . Memory (MB): peak = 777.957 ; gain = 520.203
Finished Timing Optimization : Time (s): cpu = 00:00:34 ; elapsed = 00:00:35 . Memory (MB): peak = 777.957 ; gain = 520.203
Finished Technology Mapping : Time (s): cpu = 00:00:34 ; elapsed = 00:00:35 . Memory (MB): peak = 784.035 ; gain = 526.281
Finished IO Insertion : Time (s): cpu = 00:00:35 ; elapsed = 00:00:36 . Memory (MB): peak = 784.035 ; gain = 526.281
Finished Renaming Generated Instances : Time (s): cpu = 00:00:35 ; elapsed = 00:00:36 . Memory (MB): peak = 784.035 ; gain = 526.281
Finished Rebuilding User Hierarchy : Time (s): cpu = 00:00:35 ; elapsed = 00:00:36 . Memory (MB): peak = 784.035 ; gain = 526.281
Finished Renaming Generated Ports : Time (s): cpu = 00:00:35 ; elapsed = 00:00:36 . Memory (MB): peak = 784.035 ; gain = 526.281
Finished Handling Custom Attributes : Time (s): cpu = 00:00:35 ; elapsed = 00:00:36 . Memory (MB): peak = 784.035 ; gain = 526.281
Finished Renaming Generated Nets : Time (s): cpu = 00:00:35 ; elapsed = 00:00:36 . Memory (MB): peak = 784.035 ; gain = 526.281

Report Cell Usage: 
+------+-----+------+
|      |Cell |Count |
+------+-----+------+
|1     |LUT1 |     2|
|2     |LUT2 |     9|
|3     |LUT3 |     8|
|4     |LUT4 |     3|
|5     |LUT5 |    23|
|6     |LUT6 |     4|
|7     |FDR  |    16|
|8     |FDRE |    56|
|9     |FDSE |     8|
+------+-----+------+
Finished Writing Synthesis Report : Time (s): cpu = 00:00:35 ; elapsed = 00:00:36 . Memory (MB): peak = 784.035 ; gain = 526.281
synth_design: Time (s): cpu = 00:00:37 ; elapsed = 00:00:39 . Memory (MB): peak = 785.445 ; gain = 538.129
