
*** Running vivado
    with args -log design_1_xbar_0.vds -m64 -product Vivado -mode batch -messageDb vivado.pb -notrace -source design_1_xbar_0.tcl


****** Vivado v2017.3 (64-bit)
  **** SW Build 2018833 on Wed Oct  4 19:58:22 MDT 2017
  **** IP Build 2016188 on Wed Oct  4 21:52:56 MDT 2017
    ** Copyright 1986-2017 Xilinx, Inc. All Rights Reserved.

source design_1_xbar_0.tcl -notrace
Starting RTL Elaboration : Time (s): cpu = 00:00:08 ; elapsed = 00:00:09 . Memory (MB): peak = 377.211 ; gain = 110.500
INFO: [Synth 8-638] synthesizing module 'design_1_xbar_0' [d:/verilog/qos2/qos.srcs/sources_1/bd/design_1/ip/design_1_xbar_0/synth/design_1_xbar_0.v:59]
INFO: [Synth 8-638] synthesizing module 'axi_crossbar_v2_1_15_axi_crossbar' [d:/verilog/qos2/qos.srcs/sources_1/bd/design_1/ipshared/a1b8/hdl/axi_crossbar_v2_1_vl_rfs.v:4882]
INFO: [Synth 8-638] synthesizing module 'axi_crossbar_v2_1_15_crossbar_sasd' [d:/verilog/qos2/qos.srcs/sources_1/bd/design_1/ipshared/a1b8/hdl/axi_crossbar_v2_1_vl_rfs.v:1240]
INFO: [Synth 8-638] synthesizing module 'axi_crossbar_v2_1_15_addr_decoder' [d:/verilog/qos2/qos.srcs/sources_1/bd/design_1/ipshared/a1b8/hdl/axi_crossbar_v2_1_vl_rfs.v:794]
INFO: [Synth 8-638] synthesizing module 'generic_baseblocks_v2_1_0_comparator_static' [d:/verilog/qos2/qos.srcs/sources_1/bd/design_1/ipshared/b752/hdl/generic_baseblocks_v2_1_vl_rfs.v:2133]
INFO: [Synth 8-638] synthesizing module 'generic_baseblocks_v2_1_0_carry_and' [d:/verilog/qos2/qos.srcs/sources_1/bd/design_1/ipshared/b752/hdl/generic_baseblocks_v2_1_vl_rfs.v:62]
INFO: [Synth 8-256] done synthesizing module 'generic_baseblocks_v2_1_0_carry_and' (1#1) [d:/verilog/qos2/qos.srcs/sources_1/bd/design_1/ipshared/b752/hdl/generic_baseblocks_v2_1_vl_rfs.v:62]
INFO: [Synth 8-256] done synthesizing module 'generic_baseblocks_v2_1_0_comparator_static' (2#1) [d:/verilog/qos2/qos.srcs/sources_1/bd/design_1/ipshared/b752/hdl/generic_baseblocks_v2_1_vl_rfs.v:2133]
INFO: [Synth 8-638] synthesizing module 'generic_baseblocks_v2_1_0_comparator_static__parameterized0' [d:/verilog/qos2/qos.srcs/sources_1/bd/design_1/ipshared/b752/hdl/generic_baseblocks_v2_1_vl_rfs.v:2133]
INFO: [Synth 8-256] done synthesizing module 'generic_baseblocks_v2_1_0_comparator_static__parameterized0' (2#1) [d:/verilog/qos2/qos.srcs/sources_1/bd/design_1/ipshared/b752/hdl/generic_baseblocks_v2_1_vl_rfs.v:2133]
INFO: [Synth 8-256] done synthesizing module 'axi_crossbar_v2_1_15_addr_decoder' (3#1) [d:/verilog/qos2/qos.srcs/sources_1/bd/design_1/ipshared/a1b8/hdl/axi_crossbar_v2_1_vl_rfs.v:794]
INFO: [Synth 8-638] synthesizing module 'axi_crossbar_v2_1_15_decerr_slave' [d:/verilog/qos2/qos.srcs/sources_1/bd/design_1/ipshared/a1b8/hdl/axi_crossbar_v2_1_vl_rfs.v:3500]
INFO: [Synth 8-256] done synthesizing module 'axi_crossbar_v2_1_15_decerr_slave' (4#1) [d:/verilog/qos2/qos.srcs/sources_1/bd/design_1/ipshared/a1b8/hdl/axi_crossbar_v2_1_vl_rfs.v:3500]
INFO: [Synth 8-638] synthesizing module 'axi_crossbar_v2_1_15_addr_arbiter_sasd' [d:/verilog/qos2/qos.srcs/sources_1/bd/design_1/ipshared/a1b8/hdl/axi_crossbar_v2_1_vl_rfs.v:65]
INFO: [Synth 8-256] done synthesizing module 'axi_crossbar_v2_1_15_addr_arbiter_sasd' (5#1) [d:/verilog/qos2/qos.srcs/sources_1/bd/design_1/ipshared/a1b8/hdl/axi_crossbar_v2_1_vl_rfs.v:65]
INFO: [Synth 8-638] synthesizing module 'axi_crossbar_v2_1_15_splitter' [d:/verilog/qos2/qos.srcs/sources_1/bd/design_1/ipshared/a1b8/hdl/axi_crossbar_v2_1_vl_rfs.v:4459]
INFO: [Synth 8-256] done synthesizing module 'axi_crossbar_v2_1_15_splitter' (6#1) [d:/verilog/qos2/qos.srcs/sources_1/bd/design_1/ipshared/a1b8/hdl/axi_crossbar_v2_1_vl_rfs.v:4459]
INFO: [Synth 8-638] synthesizing module 'axi_crossbar_v2_1_15_splitter__parameterized0' [d:/verilog/qos2/qos.srcs/sources_1/bd/design_1/ipshared/a1b8/hdl/axi_crossbar_v2_1_vl_rfs.v:4459]
INFO: [Synth 8-256] done synthesizing module 'axi_crossbar_v2_1_15_splitter__parameterized0' (6#1) [d:/verilog/qos2/qos.srcs/sources_1/bd/design_1/ipshared/a1b8/hdl/axi_crossbar_v2_1_vl_rfs.v:4459]
INFO: [Synth 8-638] synthesizing module 'generic_baseblocks_v2_1_0_mux_enc' [d:/verilog/qos2/qos.srcs/sources_1/bd/design_1/ipshared/b752/hdl/generic_baseblocks_v2_1_vl_rfs.v:2452]
INFO: [Synth 8-256] done synthesizing module 'generic_baseblocks_v2_1_0_mux_enc' (7#1) [d:/verilog/qos2/qos.srcs/sources_1/bd/design_1/ipshared/b752/hdl/generic_baseblocks_v2_1_vl_rfs.v:2452]
INFO: [Synth 8-638] synthesizing module 'generic_baseblocks_v2_1_0_mux_enc__parameterized0' [d:/verilog/qos2/qos.srcs/sources_1/bd/design_1/ipshared/b752/hdl/generic_baseblocks_v2_1_vl_rfs.v:2452]
INFO: [Synth 8-256] done synthesizing module 'generic_baseblocks_v2_1_0_mux_enc__parameterized0' (7#1) [d:/verilog/qos2/qos.srcs/sources_1/bd/design_1/ipshared/b752/hdl/generic_baseblocks_v2_1_vl_rfs.v:2452]
INFO: [Synth 8-638] synthesizing module 'generic_baseblocks_v2_1_0_mux_enc__parameterized1' [d:/verilog/qos2/qos.srcs/sources_1/bd/design_1/ipshared/b752/hdl/generic_baseblocks_v2_1_vl_rfs.v:2452]
INFO: [Synth 8-256] done synthesizing module 'generic_baseblocks_v2_1_0_mux_enc__parameterized1' (7#1) [d:/verilog/qos2/qos.srcs/sources_1/bd/design_1/ipshared/b752/hdl/generic_baseblocks_v2_1_vl_rfs.v:2452]
INFO: [Synth 8-638] synthesizing module 'axi_register_slice_v2_1_14_axic_register_slice' [d:/verilog/qos2/qos.srcs/sources_1/bd/design_1/ipshared/a259/hdl/axi_register_slice_v2_1_vl_rfs.v:189]
INFO: [Synth 8-256] done synthesizing module 'axi_register_slice_v2_1_14_axic_register_slice' (8#1) [d:/verilog/qos2/qos.srcs/sources_1/bd/design_1/ipshared/a259/hdl/axi_register_slice_v2_1_vl_rfs.v:189]
INFO: [Synth 8-638] synthesizing module 'generic_baseblocks_v2_1_0_mux_enc__parameterized2' [d:/verilog/qos2/qos.srcs/sources_1/bd/design_1/ipshared/b752/hdl/generic_baseblocks_v2_1_vl_rfs.v:2452]
INFO: [Synth 8-256] done synthesizing module 'generic_baseblocks_v2_1_0_mux_enc__parameterized2' (8#1) [d:/verilog/qos2/qos.srcs/sources_1/bd/design_1/ipshared/b752/hdl/generic_baseblocks_v2_1_vl_rfs.v:2452]
INFO: [Synth 8-256] done synthesizing module 'axi_crossbar_v2_1_15_crossbar_sasd' (9#1) [d:/verilog/qos2/qos.srcs/sources_1/bd/design_1/ipshared/a1b8/hdl/axi_crossbar_v2_1_vl_rfs.v:1240]
INFO: [Synth 8-256] done synthesizing module 'axi_crossbar_v2_1_15_axi_crossbar' (10#1) [d:/verilog/qos2/qos.srcs/sources_1/bd/design_1/ipshared/a1b8/hdl/axi_crossbar_v2_1_vl_rfs.v:4882]
INFO: [Synth 8-256] done synthesizing module 'design_1_xbar_0' (11#1) [d:/verilog/qos2/qos.srcs/sources_1/bd/design_1/ip/design_1_xbar_0/synth/design_1_xbar_0.v:59]
Finished RTL Elaboration : Time (s): cpu = 00:00:14 ; elapsed = 00:00:15 . Memory (MB): peak = 524.812 ; gain = 258.102
Finished RTL Optimization Phase 1 : Time (s): cpu = 00:00:14 ; elapsed = 00:00:15 . Memory (MB): peak = 524.812 ; gain = 258.102
INFO: [Device 21-403] Loading part xc7z020clg400-1
Constraint Validation Runtime : Time (s): cpu = 00:00:00 ; elapsed = 00:00:00.031 . Memory (MB): peak = 790.598 ; gain = 0.000
Finished Constraint Validation : Time (s): cpu = 00:00:25 ; elapsed = 00:00:27 . Memory (MB): peak = 790.598 ; gain = 523.887
Finished Loading Part and Timing Information : Time (s): cpu = 00:00:25 ; elapsed = 00:00:27 . Memory (MB): peak = 790.598 ; gain = 523.887
Finished applying 'set_property' XDC Constraints : Time (s): cpu = 00:00:25 ; elapsed = 00:00:27 . Memory (MB): peak = 790.598 ; gain = 523.887
Finished RTL Optimization Phase 2 : Time (s): cpu = 00:00:25 ; elapsed = 00:00:27 . Memory (MB): peak = 790.598 ; gain = 523.887
Finished Cross Boundary and Area Optimization : Time (s): cpu = 00:00:26 ; elapsed = 00:00:28 . Memory (MB): peak = 790.598 ; gain = 523.887
Finished Applying XDC Timing Constraints : Time (s): cpu = 00:00:35 ; elapsed = 00:00:37 . Memory (MB): peak = 790.598 ; gain = 523.887
Finished Timing Optimization : Time (s): cpu = 00:00:35 ; elapsed = 00:00:37 . Memory (MB): peak = 802.223 ; gain = 535.512
Finished Technology Mapping : Time (s): cpu = 00:00:35 ; elapsed = 00:00:38 . Memory (MB): peak = 803.660 ; gain = 536.949
Finished IO Insertion : Time (s): cpu = 00:00:36 ; elapsed = 00:00:38 . Memory (MB): peak = 803.660 ; gain = 536.949
Finished Renaming Generated Instances : Time (s): cpu = 00:00:36 ; elapsed = 00:00:38 . Memory (MB): peak = 803.660 ; gain = 536.949
Finished Rebuilding User Hierarchy : Time (s): cpu = 00:00:36 ; elapsed = 00:00:38 . Memory (MB): peak = 803.660 ; gain = 536.949
Finished Renaming Generated Ports : Time (s): cpu = 00:00:36 ; elapsed = 00:00:38 . Memory (MB): peak = 803.660 ; gain = 536.949
Finished Handling Custom Attributes : Time (s): cpu = 00:00:36 ; elapsed = 00:00:38 . Memory (MB): peak = 803.660 ; gain = 536.949
Finished Renaming Generated Nets : Time (s): cpu = 00:00:36 ; elapsed = 00:00:38 . Memory (MB): peak = 803.660 ; gain = 536.949

Report Cell Usage: 
+------+-----+------+
|      |Cell |Count |
+------+-----+------+
|1     |LUT1 |     2|
|2     |LUT2 |     8|
|3     |LUT3 |    36|
|4     |LUT4 |    49|
|5     |LUT5 |    50|
|6     |LUT6 |    22|
|7     |FDRE |   130|
+------+-----+------+
Finished Writing Synthesis Report : Time (s): cpu = 00:00:36 ; elapsed = 00:00:38 . Memory (MB): peak = 803.660 ; gain = 536.949
synth_design: Time (s): cpu = 00:00:38 ; elapsed = 00:00:41 . Memory (MB): peak = 803.660 ; gain = 543.840
