
*** Running vivado
    with args -log design_1_coproc_0_0.vds -m64 -product Vivado -mode batch -messageDb vivado.pb -notrace -source design_1_coproc_0_0.tcl


****** Vivado v2017.3 (64-bit)
  **** SW Build 2018833 on Wed Oct  4 19:58:07 MDT 2017
  **** IP Build 2016188 on Wed Oct  4 21:52:56 MDT 2017
    ** Copyright 1986-2017 Xilinx, Inc. All Rights Reserved.

source design_1_coproc_0_0.tcl -notrace
Command: synth_design -top design_1_coproc_0_0 -part xc7z020clg400-1 -mode out_of_context
Starting synth_design
Attempting to get a license for feature 'Synthesis' and/or device 'xc7z020'
INFO: [Common 17-349] Got license for feature 'Synthesis' and/or device 'xc7z020'
INFO: Launching helper process for spawning children vivado processes
INFO: Helper process launched with PID 412200 
---------------------------------------------------------------------------------
Starting RTL Elaboration : Time (s): cpu = 00:00:06 ; elapsed = 00:00:06 . Memory (MB): peak = 1267.996 ; gain = 84.000 ; free physical = 2190 ; free virtual = 9835
---------------------------------------------------------------------------------
INFO: [Synth 8-638] synthesizing module 'design_1_coproc_0_0' [/home/seungwoo/Downloads/qos2/qos.srcs/sources_1/bd/design_1/ip/design_1_coproc_0_0/synth/design_1_coproc_0_0.v:57]
INFO: [Synth 8-638] synthesizing module 'coproc_v1_0' [/home/seungwoo/Downloads/qos2/qos.srcs/sources_1/bd/design_1/ipshared/afbf/hdl/coproc_v1_0.v:4]
	Parameter C_S00_AXI_DATA_WIDTH bound to: 32 - type: integer 
	Parameter C_S00_AXI_ADDR_WIDTH bound to: 4 - type: integer 
INFO: [Synth 8-638] synthesizing module 'coproc_v1_0_S00_AXI' [/home/seungwoo/Downloads/qos2/qos.srcs/sources_1/bd/design_1/ipshared/afbf/hdl/coproc_v1_0_S00_AXI.v:4]
	Parameter C_S_AXI_DATA_WIDTH bound to: 32 - type: integer 
	Parameter C_S_AXI_ADDR_WIDTH bound to: 4 - type: integer 
	Parameter ADDR_LSB bound to: 2 - type: integer 
	Parameter OPT_MEM_ADDR_BITS bound to: 1 - type: integer 
INFO: [Synth 8-226] default block is never used [/home/seungwoo/Downloads/qos2/qos.srcs/sources_1/bd/design_1/ipshared/afbf/hdl/coproc_v1_0_S00_AXI.v:232]
INFO: [Synth 8-226] default block is never used [/home/seungwoo/Downloads/qos2/qos.srcs/sources_1/bd/design_1/ipshared/afbf/hdl/coproc_v1_0_S00_AXI.v:373]
INFO: [Synth 8-256] done synthesizing module 'coproc_v1_0_S00_AXI' (1#1) [/home/seungwoo/Downloads/qos2/qos.srcs/sources_1/bd/design_1/ipshared/afbf/hdl/coproc_v1_0_S00_AXI.v:4]
INFO: [Synth 8-256] done synthesizing module 'coproc_v1_0' (2#1) [/home/seungwoo/Downloads/qos2/qos.srcs/sources_1/bd/design_1/ipshared/afbf/hdl/coproc_v1_0.v:4]
INFO: [Synth 8-256] done synthesizing module 'design_1_coproc_0_0' (3#1) [/home/seungwoo/Downloads/qos2/qos.srcs/sources_1/bd/design_1/ip/design_1_coproc_0_0/synth/design_1_coproc_0_0.v:57]
WARNING: [Synth 8-3331] design coproc_v1_0_S00_AXI has unconnected port S_AXI_AWPROT[2]
WARNING: [Synth 8-3331] design coproc_v1_0_S00_AXI has unconnected port S_AXI_AWPROT[1]
WARNING: [Synth 8-3331] design coproc_v1_0_S00_AXI has unconnected port S_AXI_AWPROT[0]
WARNING: [Synth 8-3331] design coproc_v1_0_S00_AXI has unconnected port S_AXI_ARPROT[2]
WARNING: [Synth 8-3331] design coproc_v1_0_S00_AXI has unconnected port S_AXI_ARPROT[1]
WARNING: [Synth 8-3331] design coproc_v1_0_S00_AXI has unconnected port S_AXI_ARPROT[0]
---------------------------------------------------------------------------------
Finished RTL Elaboration : Time (s): cpu = 00:00:07 ; elapsed = 00:00:07 . Memory (MB): peak = 1328.527 ; gain = 144.531 ; free physical = 2184 ; free virtual = 9828
---------------------------------------------------------------------------------

Report Check Netlist: 
+------+------------------+-------+---------+-------+------------------+
|      |Item              |Errors |Warnings |Status |Description       |
+------+------------------+-------+---------+-------+------------------+
|1     |multi_driven_nets |      0|        0|Passed |Multi driven nets |
+------+------------------+-------+---------+-------+------------------+
---------------------------------------------------------------------------------
Finished RTL Optimization Phase 1 : Time (s): cpu = 00:00:07 ; elapsed = 00:00:08 . Memory (MB): peak = 1328.527 ; gain = 144.531 ; free physical = 2188 ; free virtual = 9833
---------------------------------------------------------------------------------
INFO: [Device 21-403] Loading part xc7z020clg400-1
INFO: [Project 1-570] Preparing netlist for logic optimization

Processing XDC Constraints
Initializing timing engine
Completed Processing XDC Constraints

INFO: [Project 1-111] Unisim Transformation Summary:
No Unisim elements were transformed.

Constraint Validation Runtime : Time (s): cpu = 00:00:00.16 ; elapsed = 00:00:00.03 . Memory (MB): peak = 1696.527 ; gain = 5.000 ; free physical = 1922 ; free virtual = 9567
---------------------------------------------------------------------------------
Finished Constraint Validation : Time (s): cpu = 00:00:22 ; elapsed = 00:00:31 . Memory (MB): peak = 1696.527 ; gain = 512.531 ; free physical = 2013 ; free virtual = 9657
---------------------------------------------------------------------------------
---------------------------------------------------------------------------------
Start Loading Part and Timing Information
---------------------------------------------------------------------------------
Loading part: xc7z020clg400-1
---------------------------------------------------------------------------------
Finished Loading Part and Timing Information : Time (s): cpu = 00:00:22 ; elapsed = 00:00:31 . Memory (MB): peak = 1696.527 ; gain = 512.531 ; free physical = 2013 ; free virtual = 9657
---------------------------------------------------------------------------------
---------------------------------------------------------------------------------
Start Applying 'set_property' XDC Constraints
---------------------------------------------------------------------------------
---------------------------------------------------------------------------------
Finished applying 'set_property' XDC Constraints : Time (s): cpu = 00:00:22 ; elapsed = 00:00:31 . Memory (MB): peak = 1696.527 ; gain = 512.531 ; free physical = 2015 ; free virtual = 9659
---------------------------------------------------------------------------------
INFO: [Synth 8-5545] ROM "slv_reg0_buf" won't be mapped to RAM because address size (32) is larger than maximum supported(25)
WARNING: [Synth 8-6014] Unused sequential element t_counter_reg was removed.  [/home/seungwoo/Downloads/qos2/qos.srcs/sources_1/bd/design_1/ipshared/afbf/hdl/coproc_v1_0_S00_AXI.v:429]
---------------------------------------------------------------------------------
Finished RTL Optimization Phase 2 : Time (s): cpu = 00:00:25 ; elapsed = 00:00:34 . Memory (MB): peak = 1696.527 ; gain = 512.531 ; free physical = 1993 ; free virtual = 9637
---------------------------------------------------------------------------------

Report RTL Partitions: 
+-+--------------+------------+----------+
| |RTL Partition |Replication |Instances |
+-+--------------+------------+----------+
+-+--------------+------------+----------+
---------------------------------------------------------------------------------
Start RTL Component Statistics 
---------------------------------------------------------------------------------
Detailed RTL Component Info : 
+---Adders : 
	   2 Input      7 Bit       Adders := 2     
+---Registers : 
	               32 Bit    Registers := 132   
	                7 Bit    Registers := 1     
	                4 Bit    Registers := 2     
	                3 Bit    Registers := 1     
	                2 Bit    Registers := 2     
	                1 Bit    Registers := 7     
+---Muxes : 
	   2 Input     32 Bit        Muxes := 388   
	   4 Input     32 Bit        Muxes := 5     
	   2 Input      7 Bit        Muxes := 4     
	   2 Input      2 Bit        Muxes := 1     
	   2 Input      1 Bit        Muxes := 394   
---------------------------------------------------------------------------------
Finished RTL Component Statistics 
---------------------------------------------------------------------------------
---------------------------------------------------------------------------------
Start RTL Hierarchical Component Statistics 
---------------------------------------------------------------------------------
Hierarchical RTL Component report 
Module coproc_v1_0_S00_AXI 
Detailed RTL Component Info : 
+---Adders : 
	   2 Input      7 Bit       Adders := 2     
+---Registers : 
	               32 Bit    Registers := 132   
	                7 Bit    Registers := 1     
	                4 Bit    Registers := 2     
	                3 Bit    Registers := 1     
	                2 Bit    Registers := 2     
	                1 Bit    Registers := 7     
+---Muxes : 
	   2 Input     32 Bit        Muxes := 388   
	   4 Input     32 Bit        Muxes := 5     
	   2 Input      7 Bit        Muxes := 4     
	   2 Input      2 Bit        Muxes := 1     
	   2 Input      1 Bit        Muxes := 394   
---------------------------------------------------------------------------------
Finished RTL Hierarchical Component Statistics
---------------------------------------------------------------------------------
---------------------------------------------------------------------------------
Start Part Resource Summary
---------------------------------------------------------------------------------
Part Resources:
DSPs: 220 (col length:60)
BRAMs: 280 (col length: RAMB18 60 RAMB36 30)
---------------------------------------------------------------------------------
Finished Part Resource Summary
---------------------------------------------------------------------------------
---------------------------------------------------------------------------------
Start Cross Boundary and Area Optimization
---------------------------------------------------------------------------------
INFO: [Synth 8-5545] ROM "slv_reg0_buf" won't be mapped to RAM because address size (32) is larger than maximum supported(25)
WARNING: [Synth 8-6014] Unused sequential element t_counter_reg was removed.  [/home/seungwoo/Downloads/qos2/qos.srcs/sources_1/bd/design_1/ipshared/afbf/hdl/coproc_v1_0_S00_AXI.v:429]
WARNING: [Synth 8-3331] design coproc_v1_0_S00_AXI has unconnected port S_AXI_AWPROT[2]
WARNING: [Synth 8-3331] design coproc_v1_0_S00_AXI has unconnected port S_AXI_AWPROT[1]
WARNING: [Synth 8-3331] design coproc_v1_0_S00_AXI has unconnected port S_AXI_AWPROT[0]
WARNING: [Synth 8-3331] design coproc_v1_0_S00_AXI has unconnected port S_AXI_ARPROT[2]
WARNING: [Synth 8-3331] design coproc_v1_0_S00_AXI has unconnected port S_AXI_ARPROT[1]
WARNING: [Synth 8-3331] design coproc_v1_0_S00_AXI has unconnected port S_AXI_ARPROT[0]
WARNING: [Synth 8-3332] Sequential element (axi_araddr_reg[1]) is unused and will be removed from module coproc_v1_0_S00_AXI.
WARNING: [Synth 8-3332] Sequential element (axi_araddr_reg[0]) is unused and will be removed from module coproc_v1_0_S00_AXI.
WARNING: [Synth 8-3332] Sequential element (axi_awaddr_reg[1]) is unused and will be removed from module coproc_v1_0_S00_AXI.
WARNING: [Synth 8-3332] Sequential element (axi_awaddr_reg[0]) is unused and will be removed from module coproc_v1_0_S00_AXI.
INFO: [Synth 8-3886] merging instance 'inst/coproc_v1_0_S00_AXI_inst/axi_rresp_reg[0]' (FDRE) to 'inst/coproc_v1_0_S00_AXI_inst/axi_rresp_reg[1]'
INFO: [Synth 8-3333] propagating constant 0 across sequential element (\inst/coproc_v1_0_S00_AXI_inst /\axi_rresp_reg[1] )
INFO: [Synth 8-3886] merging instance 'inst/coproc_v1_0_S00_AXI_inst/axi_bresp_reg[0]' (FDRE) to 'inst/coproc_v1_0_S00_AXI_inst/axi_bresp_reg[1]'
INFO: [Synth 8-3333] propagating constant 0 across sequential element (\inst/coproc_v1_0_S00_AXI_inst /\axi_bresp_reg[1] )
WARNING: [Synth 8-3332] Sequential element (axi_bresp_reg[1]) is unused and will be removed from module coproc_v1_0_S00_AXI.
WARNING: [Synth 8-3332] Sequential element (axi_rresp_reg[1]) is unused and will be removed from module coproc_v1_0_S00_AXI.
---------------------------------------------------------------------------------
Finished Cross Boundary and Area Optimization : Time (s): cpu = 00:00:36 ; elapsed = 00:00:47 . Memory (MB): peak = 1745.520 ; gain = 561.523 ; free physical = 1960 ; free virtual = 9604
---------------------------------------------------------------------------------

Report RTL Partitions: 
+-+--------------+------------+----------+
| |RTL Partition |Replication |Instances |
+-+--------------+------------+----------+
+-+--------------+------------+----------+
---------------------------------------------------------------------------------
Start Applying XDC Timing Constraints
---------------------------------------------------------------------------------
---------------------------------------------------------------------------------
Finished Applying XDC Timing Constraints : Time (s): cpu = 00:00:41 ; elapsed = 00:00:54 . Memory (MB): peak = 1745.520 ; gain = 561.523 ; free physical = 1838 ; free virtual = 9482
---------------------------------------------------------------------------------
---------------------------------------------------------------------------------
Start Timing Optimization
---------------------------------------------------------------------------------
---------------------------------------------------------------------------------
Finished Timing Optimization : Time (s): cpu = 00:00:42 ; elapsed = 00:00:54 . Memory (MB): peak = 1745.520 ; gain = 561.523 ; free physical = 1835 ; free virtual = 9479
---------------------------------------------------------------------------------

Report RTL Partitions: 
+-+--------------+------------+----------+
| |RTL Partition |Replication |Instances |
+-+--------------+------------+----------+
+-+--------------+------------+----------+
---------------------------------------------------------------------------------
Start Technology Mapping
---------------------------------------------------------------------------------
---------------------------------------------------------------------------------
Finished Technology Mapping : Time (s): cpu = 00:00:45 ; elapsed = 00:00:58 . Memory (MB): peak = 1780.012 ; gain = 596.016 ; free physical = 1827 ; free virtual = 9471
---------------------------------------------------------------------------------

Report RTL Partitions: 
+-+--------------+------------+----------+
| |RTL Partition |Replication |Instances |
+-+--------------+------------+----------+
+-+--------------+------------+----------+
---------------------------------------------------------------------------------
Start IO Insertion
---------------------------------------------------------------------------------
---------------------------------------------------------------------------------
Start Flattening Before IO Insertion
---------------------------------------------------------------------------------
---------------------------------------------------------------------------------
Finished Flattening Before IO Insertion
---------------------------------------------------------------------------------
---------------------------------------------------------------------------------
Start Final Netlist Cleanup
---------------------------------------------------------------------------------
---------------------------------------------------------------------------------
Finished Final Netlist Cleanup
---------------------------------------------------------------------------------
---------------------------------------------------------------------------------
Finished IO Insertion : Time (s): cpu = 00:00:47 ; elapsed = 00:01:00 . Memory (MB): peak = 1780.012 ; gain = 596.016 ; free physical = 1824 ; free virtual = 9469
---------------------------------------------------------------------------------

Report Check Netlist: 
+------+------------------+-------+---------+-------+------------------+
|      |Item              |Errors |Warnings |Status |Description       |
+------+------------------+-------+---------+-------+------------------+
|1     |multi_driven_nets |      0|        0|Passed |Multi driven nets |
+------+------------------+-------+---------+-------+------------------+
---------------------------------------------------------------------------------
Start Renaming Generated Instances
---------------------------------------------------------------------------------
---------------------------------------------------------------------------------
Finished Renaming Generated Instances : Time (s): cpu = 00:00:47 ; elapsed = 00:01:00 . Memory (MB): peak = 1780.012 ; gain = 596.016 ; free physical = 1825 ; free virtual = 9470
---------------------------------------------------------------------------------

Report RTL Partitions: 
+-+--------------+------------+----------+
| |RTL Partition |Replication |Instances |
+-+--------------+------------+----------+
+-+--------------+------------+----------+
---------------------------------------------------------------------------------
Start Rebuilding User Hierarchy
---------------------------------------------------------------------------------
---------------------------------------------------------------------------------
Finished Rebuilding User Hierarchy : Time (s): cpu = 00:00:47 ; elapsed = 00:01:00 . Memory (MB): peak = 1780.012 ; gain = 596.016 ; free physical = 1824 ; free virtual = 9469
---------------------------------------------------------------------------------
---------------------------------------------------------------------------------
Start Renaming Generated Ports
---------------------------------------------------------------------------------
---------------------------------------------------------------------------------
Finished Renaming Generated Ports : Time (s): cpu = 00:00:47 ; elapsed = 00:01:00 . Memory (MB): peak = 1780.012 ; gain = 596.016 ; free physical = 1824 ; free virtual = 9469
---------------------------------------------------------------------------------
---------------------------------------------------------------------------------
Start Handling Custom Attributes
---------------------------------------------------------------------------------
---------------------------------------------------------------------------------
Finished Handling Custom Attributes : Time (s): cpu = 00:00:49 ; elapsed = 00:01:02 . Memory (MB): peak = 1780.012 ; gain = 596.016 ; free physical = 1824 ; free virtual = 9469
---------------------------------------------------------------------------------
---------------------------------------------------------------------------------
Start Renaming Generated Nets
---------------------------------------------------------------------------------
---------------------------------------------------------------------------------
Finished Renaming Generated Nets : Time (s): cpu = 00:00:49 ; elapsed = 00:01:02 . Memory (MB): peak = 1780.012 ; gain = 596.016 ; free physical = 1824 ; free virtual = 9469
---------------------------------------------------------------------------------
---------------------------------------------------------------------------------
Start Writing Synthesis Report
---------------------------------------------------------------------------------

Report BlackBoxes: 
+-+--------------+----------+
| |BlackBox name |Instances |
+-+--------------+----------+
+-+--------------+----------+

Report Cell Usage: 
+------+-------+------+
|      |Cell   |Count |
+------+-------+------+
|1     |CARRY4 |    14|
|2     |LUT1   |     2|
|3     |LUT2   |   116|
|4     |LUT3   |    95|
|5     |LUT4   |   204|
|6     |LUT5   |  2044|
|7     |LUT6   |  4486|
|8     |MUXF7  |  1085|
|9     |MUXF8  |   512|
|10    |FDRE   |  4440|
|11    |FDSE   |     1|
+------+-------+------+

Report Instance Areas: 
+------+-----------------------------+--------------------+------+
|      |Instance                     |Module              |Cells |
+------+-----------------------------+--------------------+------+
|1     |top                          |                    | 12999|
|2     |  inst                       |coproc_v1_0         | 12999|
|3     |    coproc_v1_0_S00_AXI_inst |coproc_v1_0_S00_AXI | 12993|
+------+-----------------------------+--------------------+------+
---------------------------------------------------------------------------------
Finished Writing Synthesis Report : Time (s): cpu = 00:00:49 ; elapsed = 00:01:02 . Memory (MB): peak = 1780.012 ; gain = 596.016 ; free physical = 1824 ; free virtual = 9469
---------------------------------------------------------------------------------
Synthesis finished with 0 errors, 0 critical warnings and 14 warnings.
Synthesis Optimization Runtime : Time (s): cpu = 00:00:41 ; elapsed = 00:00:45 . Memory (MB): peak = 1780.012 ; gain = 228.016 ; free physical = 1884 ; free virtual = 9529
Synthesis Optimization Complete : Time (s): cpu = 00:00:49 ; elapsed = 00:01:02 . Memory (MB): peak = 1780.020 ; gain = 596.016 ; free physical = 1884 ; free virtual = 9529
INFO: [Project 1-571] Translating synthesized netlist
INFO: [Netlist 29-17] Analyzing 1611 Unisim elements for replacement
INFO: [Netlist 29-28] Unisim Transformation completed in 0 CPU seconds
WARNING: [Netlist 29-101] Netlist 'design_1_coproc_0_0' is not ideal for floorplanning, since the cellview 'coproc_v1_0_S00_AXI' contains a large number of primitives.  Please consider enabling hierarchy in synthesis if you want to do floorplanning.
INFO: [Project 1-570] Preparing netlist for logic optimization
INFO: [Opt 31-138] Pushed 0 inverter(s) to 0 load pin(s).
INFO: [Project 1-111] Unisim Transformation Summary:
No Unisim elements were transformed.

INFO: [Common 17-83] Releasing license: Synthesis
25 Infos, 21 Warnings, 0 Critical Warnings and 0 Errors encountered.
synth_design completed successfully
synth_design: Time (s): cpu = 00:00:51 ; elapsed = 00:01:04 . Memory (MB): peak = 1796.020 ; gain = 636.848 ; free physical = 1918 ; free virtual = 9562
INFO: [Common 17-1381] The checkpoint '/home/seungwoo/Downloads/qos2/qos.runs/design_1_coproc_0_0_synth_1/design_1_coproc_0_0.dcp' has been generated.
